2026-02-06 15:47:33,100 - ParamExtractor - INFO - 从SQL中提取到 8 个参数: ['REMARK', 'DESCRIPTION', 'PHONE', 'REMARKCORPNAME', 'UPDATETIME', 'TYPE', 'USERID', 'EXTERNALUSERID']
2026-02-06 15:47:33,102 - ParamExtractor - INFO - 从SQL中提取到 8 个参数: ['REMARK', 'DESCRIPTION', 'PHONE', 'REMARKCORPNAME', 'UPDATETIME', 'TYPE', 'USERID', 'EXTERNALUSERID']
2026-02-06 15:47:33,102 - ParamExtractor - INFO - 生成替换参数后的SQL，替换了 8 个参数
2026-02-06 15:47:33,104 - MetadataCollector - INFO - 元数据收集器初始化完成
2026-02-06 15:47:33,112 - MetadataCollector - INFO - 执行EXPLAIN语句: EXPLAIN UPDATE CPWC_CUSTOMER_REMARK SET REMARK='test_value', DESCRIPION='test_value', REMARK_MOBILES='test_value', REMARK_CORP_NAME='test_value',UPDATE_TIME='2025-01-01 00:00:00',TYPE='test_value' WHE...
2026-02-06 15:47:33,115 - MetadataCollector - ERROR - 获取执行计划时发生错误: (1146, "Table 'testdb.cpwc_customer_remark' doesn't exist")
Traceback (most recent call last):
  File "E:\Code\sqlAnalize\sql_ai_analyzer\data_collector\metadata_collector.py", line 546, in get_execution_plan
    cursor.execute(explain_sql)
    ~~~~~~~~~~~~~~^^^^^^^^^^^^^
  File "C:\Users\26949\AppData\Roaming\Python\Python313\site-packages\pymysql\cursors.py", line 153, in execute
    result = self._query(query)
  File "C:\Users\26949\AppData\Roaming\Python\Python313\site-packages\pymysql\cursors.py", line 322, in _query
    conn.query(q)
    ~~~~~~~~~~^^^
  File "C:\Users\26949\AppData\Roaming\Python\Python313\site-packages\pymysql\connections.py", line 558, in query
    self._affected_rows = self._read_query_result(unbuffered=unbuffered)
                          ~~~~~~~~~~~~~~~~~~~~~~~^^^^^^^^^^^^^^^^^^^^^^^
  File "C:\Users\26949\AppData\Roaming\Python\Python313\site-packages\pymysql\connections.py", line 822, in _read_query_result
    result.read()
    ~~~~~~~~~~~^^
  File "C:\Users\26949\AppData\Roaming\Python\Python313\site-packages\pymysql\connections.py", line 1200, in read
    first_packet = self.connection._read_packet()
  File "C:\Users\26949\AppData\Roaming\Python\Python313\site-packages\pymysql\connections.py", line 772, in _read_packet
    packet.raise_for_error()
    ~~~~~~~~~~~~~~~~~~~~~~^^
  File "C:\Users\26949\AppData\Roaming\Python\Python313\site-packages\pymysql\protocol.py", line 221, in raise_for_error
    err.raise_mysql_exception(self._data)
    ~~~~~~~~~~~~~~~~~~~~~~~~~^^^^^^^^^^^^
  File "C:\Users\26949\AppData\Roaming\Python\Python313\site-packages\pymysql\err.py", line 143, in raise_mysql_exception
    raise errorclass(errno, errval)
pymysql.err.ProgrammingError: (1146, "Table 'testdb.cpwc_customer_remark' doesn't exist")
2026-02-06 15:47:33,124 - ParamExtractor - INFO - 从SQL中提取到 8 个参数: ['REMARK', 'DESCRIPTION', 'PHONE', 'REMARKCORPNAME', 'UPDATETIME', 'TYPE', 'USERID', 'EXTERNALUSERID']
2026-02-06 15:47:33,124 - ParamExtractor - INFO - 从SQL中提取到 8 个参数: ['REMARK', 'DESCRIPTION', 'PHONE', 'REMARKCORPNAME', 'UPDATETIME', 'TYPE', 'USERID', 'EXTERNALUSERID']
2026-02-06 15:47:33,124 - ParamExtractor - INFO - 生成替换参数后的SQL，替换了 8 个参数
2026-02-06 15:54:17,880 - SQLExtractor - INFO - SQL提取器初始化完成
2026-02-06 15:54:17,881 - MetadataCollector - INFO - 元数据收集器初始化完成
2026-02-06 15:54:17,882 - SQLExtractor - INFO - 从SQL中提取到 8 个参数: ['REMARK', 'DESCRIPTION', 'PHONE', 'REMARKCORPNAME', 'UPDATETIME', 'TYPE', 'USERID', 'EXTERNALUSERID']
2026-02-06 15:54:17,883 - SQLExtractor - INFO - 生成替换参数后的SQL，替换了 8 个参数
2026-02-06 15:54:17,883 - SQLExtractor - INFO - 生成替换参数后的SQL，原始SQL长度: 241，替换后长度: 234
2026-02-06 15:54:17,884 - MetadataCollector - INFO - 执行EXPLAIN语句: EXPLAIN UPDATE CPWC_CUSTOMER_REMARK SET REMARK='test_value', DESCRIPTION='test_value', REMARK_MOBILES='test_value', REMARK_CORP_NAME='test_value',UPDATE_TIME='2025-01-01 00:00:00',TYPE='test_value' WH...
2026-02-06 15:54:17,886 - MetadataCollector - ERROR - 获取执行计划时发生错误: (1146, "Table 'testdb.cpwc_customer_remark' doesn't exist")
Traceback (most recent call last):
  File "E:\Code\sqlAnalize\sql_ai_analyzer\data_collector\metadata_collector.py", line 546, in get_execution_plan
    cursor.execute(explain_sql)
    ~~~~~~~~~~~~~~^^^^^^^^^^^^^
  File "C:\Users\26949\AppData\Roaming\Python\Python313\site-packages\pymysql\cursors.py", line 153, in execute
    result = self._query(query)
  File "C:\Users\26949\AppData\Roaming\Python\Python313\site-packages\pymysql\cursors.py", line 322, in _query
    conn.query(q)
    ~~~~~~~~~~^^^
  File "C:\Users\26949\AppData\Roaming\Python\Python313\site-packages\pymysql\connections.py", line 558, in query
    self._affected_rows = self._read_query_result(unbuffered=unbuffered)
                          ~~~~~~~~~~~~~~~~~~~~~~~^^^^^^^^^^^^^^^^^^^^^^^
  File "C:\Users\26949\AppData\Roaming\Python\Python313\site-packages\pymysql\connections.py", line 822, in _read_query_result
    result.read()
    ~~~~~~~~~~~^^
  File "C:\Users\26949\AppData\Roaming\Python\Python313\site-packages\pymysql\connections.py", line 1200, in read
    first_packet = self.connection._read_packet()
  File "C:\Users\26949\AppData\Roaming\Python\Python313\site-packages\pymysql\connections.py", line 772, in _read_packet
    packet.raise_for_error()
    ~~~~~~~~~~~~~~~~~~~~~~^^
  File "C:\Users\26949\AppData\Roaming\Python\Python313\site-packages\pymysql\protocol.py", line 221, in raise_for_error
    err.raise_mysql_exception(self._data)
    ~~~~~~~~~~~~~~~~~~~~~~~~~^^^^^^^^^^^^
  File "C:\Users\26949\AppData\Roaming\Python\Python313\site-packages\pymysql\err.py", line 143, in raise_mysql_exception
    raise errorclass(errno, errval)
pymysql.err.ProgrammingError: (1146, "Table 'testdb.cpwc_customer_remark' doesn't exist")
2026-02-06 15:54:17,896 - SQLExtractor - INFO - SQL提取器初始化完成
2026-02-06 15:54:17,896 - MetadataCollector - INFO - 元数据收集器初始化完成
2026-02-06 15:54:17,900 - SQLExtractor - INFO - 从SQL中提取到 2 个参数: ['id', 'project']
2026-02-06 15:54:17,900 - SQLExtractor - INFO - 生成替换参数后的SQL，替换了 2 个参数
2026-02-06 15:54:17,900 - SQLExtractor - INFO - 生成替换参数后的SQL，原始SQL长度: 73，替换后长度: 73
2026-02-06 15:54:17,902 - MetadataCollector - INFO - 执行EXPLAIN语句: EXPLAIN SELECT * FROM am_solline_info WHERE ID = 123 AND PROJECTID = 'test_value'...
2026-02-06 15:54:17,903 - MetadataCollector - INFO - 成功获取执行计划，结果类型: <class 'list'>, 长度: 1
2026-02-06 16:07:49,811 - SQLExtractor - INFO - SQL提取器初始化完成
2026-02-06 16:07:49,812 - ResultProcessor - INFO - 结果处理器初始化完成
2026-02-06 16:07:49,815 - SQLExtractor - INFO - SQL提取器初始化完成
2026-02-06 16:07:49,815 - ResultProcessor - INFO - 结果处理器初始化完成
2026-02-06 16:07:49,818 - SQLExtractor - INFO - SQL提取器初始化完成
2026-02-06 16:07:49,818 - ResultProcessor - INFO - 结果处理器初始化完成
2026-02-06 16:14:06,336 - MetadataCollector - INFO - 元数据收集器初始化完成
2026-02-06 16:14:06,342 - MetadataCollector - INFO - 执行EXPLAIN语句: EXPLAIN SELECT * FROM am_solline_info WHERE ID = 1...
2026-02-06 16:14:06,344 - MetadataCollector - INFO - 成功获取执行计划，结果类型: <class 'list'>, 长度: 1
2026-02-06 16:14:06,346 - MetadataCollector - INFO - 执行EXPLAIN语句: EXPLAIN SELECT * FROM am_solline_info LIMIT 5...
2026-02-06 16:14:06,347 - MetadataCollector - INFO - 成功获取执行计划，结果类型: <class 'list'>, 长度: 1
2026-02-06 16:14:06,349 - MetadataCollector - INFO - 执行EXPLAIN语句: EXPLAIN SELECT COUNT(*) as count FROM am_solline_info...
2026-02-06 16:14:06,349 - MetadataCollector - INFO - 成功获取执行计划，结果类型: <class 'list'>, 长度: 1
2026-02-06 16:14:06,352 - MetadataCollector - INFO - 元数据收集器初始化完成
2026-02-06 16:14:06,478 - ModelClient - INFO - 大模型API客户端初始化完成
2026-02-09 16:28:48,082 - test_multi_db - INFO - 元数据收集器初始化完成
2026-02-09 16:28:48,093 - test_multi_db - ERROR - 收集元数据时发生错误: MySQL连接池初始化失败: 创建数据库连接失败: (1049, "Unknown database 'production_legacy_db'")
Traceback (most recent call last):
  File "E:\Code\sqlAnalize\sql_ai_analyzer\utils\db_connector_pymysql.py", line 40, in _create_connection
    conn = pymysql.connect(
        host=self.config.get('host', 'localhost'),
    ...<6 lines>...
        autocommit=True
    )
  File "C:\Users\26949\AppData\Roaming\Python\Python313\site-packages\pymysql\connections.py", line 358, in __init__
    self.connect()
    ~~~~~~~~~~~~^^
  File "C:\Users\26949\AppData\Roaming\Python\Python313\site-packages\pymysql\connections.py", line 664, in connect
    self._request_authentication()
    ~~~~~~~~~~~~~~~~~~~~~~~~~~~~^^
  File "C:\Users\26949\AppData\Roaming\Python\Python313\site-packages\pymysql\connections.py", line 976, in _request_authentication
    auth_packet = _auth.caching_sha2_password_auth(self, auth_packet)
  File "C:\Users\26949\AppData\Roaming\Python\Python313\site-packages\pymysql\_auth.py", line 240, in caching_sha2_password_auth
    pkt = conn._read_packet()
  File "C:\Users\26949\AppData\Roaming\Python\Python313\site-packages\pymysql\connections.py", line 772, in _read_packet
    packet.raise_for_error()
    ~~~~~~~~~~~~~~~~~~~~~~^^
  File "C:\Users\26949\AppData\Roaming\Python\Python313\site-packages\pymysql\protocol.py", line 221, in raise_for_error
    err.raise_mysql_exception(self._data)
    ~~~~~~~~~~~~~~~~~~~~~~~~~^^^^^^^^^^^^
  File "C:\Users\26949\AppData\Roaming\Python\Python313\site-packages\pymysql\err.py", line 143, in raise_mysql_exception
    raise errorclass(errno, errval)
pymysql.err.OperationalError: (1049, "Unknown database 'production_legacy_db'")

During handling of the above exception, another exception occurred:

Traceback (most recent call last):
  File "E:\Code\sqlAnalize\sql_ai_analyzer\utils\db_connector_pymysql.py", line 138, in _init_mysql_pool
    self.pool = PyMySQLConnectionPool(self.config, self.pool_size)
                ~~~~~~~~~~~~~~~~~~~~~^^^^^^^^^^^^^^^^^^^^^^^^^^^^^
  File "E:\Code\sqlAnalize\sql_ai_analyzer\utils\db_connector_pymysql.py", line 34, in __init__
    conn = self._create_connection()
  File "E:\Code\sqlAnalize\sql_ai_analyzer\utils\db_connector_pymysql.py", line 52, in _create_connection
    raise ConnectionError(f"创建数据库连接失败: {str(e)}")
ConnectionError: 创建数据库连接失败: (1049, "Unknown database 'production_legacy_db'")

During handling of the above exception, another exception occurred:

Traceback (most recent call last):
  File "E:\Code\sqlAnalize\sql_ai_analyzer\data_collector\metadata_collector.py", line 51, in collect_metadata
    target_db = DatabaseManager(target_config)
  File "E:\Code\sqlAnalize\sql_ai_analyzer\utils\db_connector_pymysql.py", line 251, in __init__
    self.connector = DBConnector(config)
                     ~~~~~~~~~~~^^^^^^^^
  File "E:\Code\sqlAnalize\sql_ai_analyzer\utils\db_connector_pymysql.py", line 117, in __new__
    instance._init_pool(config, pool_size)
    ~~~~~~~~~~~~~~~~~~~^^^^^^^^^^^^^^^^^^^
  File "E:\Code\sqlAnalize\sql_ai_analyzer\utils\db_connector_pymysql.py", line 129, in _init_pool
    self._init_mysql_pool()
    ~~~~~~~~~~~~~~~~~~~~~^^
  File "E:\Code\sqlAnalize\sql_ai_analyzer\utils\db_connector_pymysql.py", line 140, in _init_mysql_pool
    raise ConnectionError(f"MySQL连接池初始化失败: {str(e)}")
ConnectionError: MySQL连接池初始化失败: 创建数据库连接失败: (1049, "Unknown database 'production_legacy_db'")
2026-02-09 16:28:48,104 - test_multi_db - ERROR - 收集元数据时发生错误: MySQL连接池初始化失败: 创建数据库连接失败: (1049, "Unknown database 'production_a_db'")
Traceback (most recent call last):
  File "E:\Code\sqlAnalize\sql_ai_analyzer\utils\db_connector_pymysql.py", line 40, in _create_connection
    conn = pymysql.connect(
        host=self.config.get('host', 'localhost'),
    ...<6 lines>...
        autocommit=True
    )
  File "C:\Users\26949\AppData\Roaming\Python\Python313\site-packages\pymysql\connections.py", line 358, in __init__
    self.connect()
    ~~~~~~~~~~~~^^
  File "C:\Users\26949\AppData\Roaming\Python\Python313\site-packages\pymysql\connections.py", line 664, in connect
    self._request_authentication()
    ~~~~~~~~~~~~~~~~~~~~~~~~~~~~^^
  File "C:\Users\26949\AppData\Roaming\Python\Python313\site-packages\pymysql\connections.py", line 976, in _request_authentication
    auth_packet = _auth.caching_sha2_password_auth(self, auth_packet)
  File "C:\Users\26949\AppData\Roaming\Python\Python313\site-packages\pymysql\_auth.py", line 240, in caching_sha2_password_auth
    pkt = conn._read_packet()
  File "C:\Users\26949\AppData\Roaming\Python\Python313\site-packages\pymysql\connections.py", line 772, in _read_packet
    packet.raise_for_error()
    ~~~~~~~~~~~~~~~~~~~~~~^^
  File "C:\Users\26949\AppData\Roaming\Python\Python313\site-packages\pymysql\protocol.py", line 221, in raise_for_error
    err.raise_mysql_exception(self._data)
    ~~~~~~~~~~~~~~~~~~~~~~~~~^^^^^^^^^^^^
  File "C:\Users\26949\AppData\Roaming\Python\Python313\site-packages\pymysql\err.py", line 143, in raise_mysql_exception
    raise errorclass(errno, errval)
pymysql.err.OperationalError: (1049, "Unknown database 'production_a_db'")

During handling of the above exception, another exception occurred:

Traceback (most recent call last):
  File "E:\Code\sqlAnalize\sql_ai_analyzer\utils\db_connector_pymysql.py", line 138, in _init_mysql_pool
    self.pool = PyMySQLConnectionPool(self.config, self.pool_size)
                ~~~~~~~~~~~~~~~~~~~~~^^^^^^^^^^^^^^^^^^^^^^^^^^^^^
  File "E:\Code\sqlAnalize\sql_ai_analyzer\utils\db_connector_pymysql.py", line 34, in __init__
    conn = self._create_connection()
  File "E:\Code\sqlAnalize\sql_ai_analyzer\utils\db_connector_pymysql.py", line 52, in _create_connection
    raise ConnectionError(f"创建数据库连接失败: {str(e)}")
ConnectionError: 创建数据库连接失败: (1049, "Unknown database 'production_a_db'")

During handling of the above exception, another exception occurred:

Traceback (most recent call last):
  File "E:\Code\sqlAnalize\sql_ai_analyzer\data_collector\metadata_collector.py", line 51, in collect_metadata
    target_db = DatabaseManager(target_config)
  File "E:\Code\sqlAnalize\sql_ai_analyzer\utils\db_connector_pymysql.py", line 251, in __init__
    self.connector = DBConnector(config)
                     ~~~~~~~~~~~^^^^^^^^
  File "E:\Code\sqlAnalize\sql_ai_analyzer\utils\db_connector_pymysql.py", line 117, in __new__
    instance._init_pool(config, pool_size)
    ~~~~~~~~~~~~~~~~~~~^^^^^^^^^^^^^^^^^^^
  File "E:\Code\sqlAnalize\sql_ai_analyzer\utils\db_connector_pymysql.py", line 129, in _init_pool
    self._init_mysql_pool()
    ~~~~~~~~~~~~~~~~~~~~~^^
  File "E:\Code\sqlAnalize\sql_ai_analyzer\utils\db_connector_pymysql.py", line 140, in _init_mysql_pool
    raise ConnectionError(f"MySQL连接池初始化失败: {str(e)}")
ConnectionError: MySQL连接池初始化失败: 创建数据库连接失败: (1049, "Unknown database 'production_a_db'")
2026-02-09 16:28:52,155 - test_multi_db - ERROR - 收集元数据时发生错误: MySQL连接池初始化失败: 创建数据库连接失败: (2003, "Can't connect to MySQL server on 'localhost' ([WinError 10061] 由于目标计算机积极拒绝，无法连接。)")
Traceback (most recent call last):
  File "C:\Users\26949\AppData\Roaming\Python\Python313\site-packages\pymysql\connections.py", line 644, in connect
    sock = socket.create_connection(
        (self.host, self.port), self.connect_timeout, **kwargs
    )
  File "C:\Python313\Lib\socket.py", line 864, in create_connection
    raise exceptions[0]
  File "C:\Python313\Lib\socket.py", line 849, in create_connection
    sock.connect(sa)
    ~~~~~~~~~~~~^^^^
ConnectionRefusedError: [WinError 10061] 由于目标计算机积极拒绝，无法连接。

During handling of the above exception, another exception occurred:

Traceback (most recent call last):
  File "E:\Code\sqlAnalize\sql_ai_analyzer\utils\db_connector_pymysql.py", line 40, in _create_connection
    conn = pymysql.connect(
        host=self.config.get('host', 'localhost'),
    ...<6 lines>...
        autocommit=True
    )
  File "C:\Users\26949\AppData\Roaming\Python\Python313\site-packages\pymysql\connections.py", line 358, in __init__
    self.connect()
    ~~~~~~~~~~~~^^
  File "C:\Users\26949\AppData\Roaming\Python\Python313\site-packages\pymysql\connections.py", line 711, in connect
    raise exc
pymysql.err.OperationalError: (2003, "Can't connect to MySQL server on 'localhost' ([WinError 10061] 由于目标计算机积极拒绝，无法连接。)")

During handling of the above exception, another exception occurred:

Traceback (most recent call last):
  File "E:\Code\sqlAnalize\sql_ai_analyzer\utils\db_connector_pymysql.py", line 138, in _init_mysql_pool
    self.pool = PyMySQLConnectionPool(self.config, self.pool_size)
                ~~~~~~~~~~~~~~~~~~~~~^^^^^^^^^^^^^^^^^^^^^^^^^^^^^
  File "E:\Code\sqlAnalize\sql_ai_analyzer\utils\db_connector_pymysql.py", line 34, in __init__
    conn = self._create_connection()
  File "E:\Code\sqlAnalize\sql_ai_analyzer\utils\db_connector_pymysql.py", line 52, in _create_connection
    raise ConnectionError(f"创建数据库连接失败: {str(e)}")
ConnectionError: 创建数据库连接失败: (2003, "Can't connect to MySQL server on 'localhost' ([WinError 10061] 由于目标计算机积极拒绝，无法连接。)")

During handling of the above exception, another exception occurred:

Traceback (most recent call last):
  File "E:\Code\sqlAnalize\sql_ai_analyzer\data_collector\metadata_collector.py", line 51, in collect_metadata
    target_db = DatabaseManager(target_config)
  File "E:\Code\sqlAnalize\sql_ai_analyzer\utils\db_connector_pymysql.py", line 251, in __init__
    self.connector = DBConnector(config)
                     ~~~~~~~~~~~^^^^^^^^
  File "E:\Code\sqlAnalize\sql_ai_analyzer\utils\db_connector_pymysql.py", line 117, in __new__
    instance._init_pool(config, pool_size)
    ~~~~~~~~~~~~~~~~~~~^^^^^^^^^^^^^^^^^^^
  File "E:\Code\sqlAnalize\sql_ai_analyzer\utils\db_connector_pymysql.py", line 129, in _init_pool
    self._init_mysql_pool()
    ~~~~~~~~~~~~~~~~~~~~~^^
  File "E:\Code\sqlAnalize\sql_ai_analyzer\utils\db_connector_pymysql.py", line 140, in _init_mysql_pool
    raise ConnectionError(f"MySQL连接池初始化失败: {str(e)}")
ConnectionError: MySQL连接池初始化失败: 创建数据库连接失败: (2003, "Can't connect to MySQL server on 'localhost' ([WinError 10061] 由于目标计算机积极拒绝，无法连接。)")
2026-02-09 16:28:52,158 - test_multi_db - INFO - 从 4 个数据库实例收集元数据: db_production
2026-02-09 16:28:52,158 - test_multi_db - INFO - 正在从实例 db_production 收集元数据
2026-02-09 16:28:52,159 - test_multi_db - ERROR - 连接数据库实例 db_production 时发生错误: MySQL连接池初始化失败: 创建数据库连接失败: (1049, "Unknown database 'production_legacy_db'")
2026-02-09 16:28:52,159 - test_multi_db - INFO - 正在从实例 db_production:1 收集元数据
2026-02-09 16:28:52,161 - test_multi_db - ERROR - 连接数据库实例 db_production:1 时发生错误: MySQL连接池初始化失败: 创建数据库连接失败: (1049, "Unknown database 'production_a_db'")
2026-02-09 16:28:52,161 - test_multi_db - INFO - 正在从实例 db_production:2 收集元数据
2026-02-09 16:28:56,217 - test_multi_db - ERROR - 连接数据库实例 db_production:2 时发生错误: MySQL连接池初始化失败: 创建数据库连接失败: (2003, "Can't connect to MySQL server on 'localhost' ([WinError 10061] 由于目标计算机积极拒绝，无法连接。)")
2026-02-09 16:28:56,217 - test_multi_db - INFO - 正在从实例 db_production:3 收集元数据
2026-02-09 16:29:00,264 - test_multi_db - ERROR - 连接数据库实例 db_production:3 时发生错误: MySQL连接池初始化失败: 创建数据库连接失败: (2003, "Can't connect to MySQL server on 'localhost' ([WinError 10061] 由于目标计算机积极拒绝，无法连接。)")
2026-02-09 16:29:00,264 - test_multi_db - INFO - 成功从 0 个实例收集到 0 个表的元数据
2026-02-09 16:29:00,264 - test_multi_db - INFO - 依次尝试 4 个数据库实例查找表: ['test_table1', 'test_table2']
2026-02-09 16:29:00,265 - test_multi_db - INFO - 尝试从实例 db_production 查找表
2026-02-09 16:29:00,266 - test_multi_db - ERROR - 连接数据库实例 db_production 时发生错误: MySQL连接池初始化失败: 创建数据库连接失败: (1049, "Unknown database 'production_legacy_db'")
2026-02-09 16:29:00,266 - test_multi_db - INFO - 尝试从实例 db_production:1 查找表
2026-02-09 16:29:00,267 - test_multi_db - ERROR - 连接数据库实例 db_production:1 时发生错误: MySQL连接池初始化失败: 创建数据库连接失败: (1049, "Unknown database 'production_a_db'")
2026-02-09 16:29:00,267 - test_multi_db - INFO - 尝试从实例 db_production:2 查找表
2026-02-09 16:29:04,318 - test_multi_db - ERROR - 连接数据库实例 db_production:2 时发生错误: MySQL连接池初始化失败: 创建数据库连接失败: (2003, "Can't connect to MySQL server on 'localhost' ([WinError 10061] 由于目标计算机积极拒绝，无法连接。)")
2026-02-09 16:29:04,318 - test_multi_db - INFO - 尝试从实例 db_production:3 查找表
2026-02-09 16:29:08,373 - test_multi_db - ERROR - 连接数据库实例 db_production:3 时发生错误: MySQL连接池初始化失败: 创建数据库连接失败: (2003, "Can't connect to MySQL server on 'localhost' ([WinError 10061] 由于目标计算机积极拒绝，无法连接。)")
2026-02-09 16:29:08,373 - test_multi_db - WARNING - 在所有 4 个实例中都未找到表: ['test_table1', 'test_table2']
2026-02-09 16:29:08,374 - test_multi_db_plan - INFO - 元数据收集器初始化完成
2026-02-09 16:29:08,376 - test_multi_db_plan - ERROR - 获取执行计划时发生错误: (1049, "Unknown database 'production_legacy_db'")
Traceback (most recent call last):
  File "E:\Code\sqlAnalize\sql_ai_analyzer\data_collector\metadata_collector.py", line 859, in get_execution_plan
    conn = create_db_connection(target_config)
  File "E:\Code\sqlAnalize\sql_ai_analyzer\utils\db_connector_pymysql.py", line 220, in create_db_connection
    conn = pymysql.connect(
        host=config.get('host', 'localhost'),
    ...<6 lines>...
        autocommit=True
    )
  File "C:\Users\26949\AppData\Roaming\Python\Python313\site-packages\pymysql\connections.py", line 358, in __init__
    self.connect()
    ~~~~~~~~~~~~^^
  File "C:\Users\26949\AppData\Roaming\Python\Python313\site-packages\pymysql\connections.py", line 664, in connect
    self._request_authentication()
    ~~~~~~~~~~~~~~~~~~~~~~~~~~~~^^
  File "C:\Users\26949\AppData\Roaming\Python\Python313\site-packages\pymysql\connections.py", line 976, in _request_authentication
    auth_packet = _auth.caching_sha2_password_auth(self, auth_packet)
  File "C:\Users\26949\AppData\Roaming\Python\Python313\site-packages\pymysql\_auth.py", line 240, in caching_sha2_password_auth
    pkt = conn._read_packet()
  File "C:\Users\26949\AppData\Roaming\Python\Python313\site-packages\pymysql\connections.py", line 772, in _read_packet
    packet.raise_for_error()
    ~~~~~~~~~~~~~~~~~~~~~~^^
  File "C:\Users\26949\AppData\Roaming\Python\Python313\site-packages\pymysql\protocol.py", line 221, in raise_for_error
    err.raise_mysql_exception(self._data)
    ~~~~~~~~~~~~~~~~~~~~~~~~~^^^^^^^^^^^^
  File "C:\Users\26949\AppData\Roaming\Python\Python313\site-packages\pymysql\err.py", line 143, in raise_mysql_exception
    raise errorclass(errno, errval)
pymysql.err.OperationalError: (1049, "Unknown database 'production_legacy_db'")
2026-02-09 16:29:08,382 - test_multi_db_plan - ERROR - 获取执行计划时发生错误: (1049, "Unknown database 'production_a_db'")
Traceback (most recent call last):
  File "E:\Code\sqlAnalize\sql_ai_analyzer\data_collector\metadata_collector.py", line 859, in get_execution_plan
    conn = create_db_connection(target_config)
  File "E:\Code\sqlAnalize\sql_ai_analyzer\utils\db_connector_pymysql.py", line 220, in create_db_connection
    conn = pymysql.connect(
        host=config.get('host', 'localhost'),
    ...<6 lines>...
        autocommit=True
    )
  File "C:\Users\26949\AppData\Roaming\Python\Python313\site-packages\pymysql\connections.py", line 358, in __init__
    self.connect()
    ~~~~~~~~~~~~^^
  File "C:\Users\26949\AppData\Roaming\Python\Python313\site-packages\pymysql\connections.py", line 664, in connect
    self._request_authentication()
    ~~~~~~~~~~~~~~~~~~~~~~~~~~~~^^
  File "C:\Users\26949\AppData\Roaming\Python\Python313\site-packages\pymysql\connections.py", line 976, in _request_authentication
    auth_packet = _auth.caching_sha2_password_auth(self, auth_packet)
  File "C:\Users\26949\AppData\Roaming\Python\Python313\site-packages\pymysql\_auth.py", line 240, in caching_sha2_password_auth
    pkt = conn._read_packet()
  File "C:\Users\26949\AppData\Roaming\Python\Python313\site-packages\pymysql\connections.py", line 772, in _read_packet
    packet.raise_for_error()
    ~~~~~~~~~~~~~~~~~~~~~~^^
  File "C:\Users\26949\AppData\Roaming\Python\Python313\site-packages\pymysql\protocol.py", line 221, in raise_for_error
    err.raise_mysql_exception(self._data)
    ~~~~~~~~~~~~~~~~~~~~~~~~~^^^^^^^^^^^^
  File "C:\Users\26949\AppData\Roaming\Python\Python313\site-packages\pymysql\err.py", line 143, in raise_mysql_exception
    raise errorclass(errno, errval)
pymysql.err.OperationalError: (1049, "Unknown database 'production_a_db'")
2026-02-10 10:38:50,773 - test_multi_db - INFO - 元数据收集器初始化完成
2026-02-10 10:38:50,783 - test_multi_db - ERROR - 收集元数据时发生错误: MySQL连接池初始化失败: 创建数据库连接失败: (1049, "Unknown database 'production_legacy_db'")
Traceback (most recent call last):
  File "E:\Code\sqlAnalize\sql_ai_analyzer\utils\db_connector_pymysql.py", line 40, in _create_connection
    conn = pymysql.connect(
        host=self.config.get('host', 'localhost'),
    ...<6 lines>...
        autocommit=True
    )
  File "C:\Users\26949\AppData\Roaming\Python\Python313\site-packages\pymysql\connections.py", line 358, in __init__
    self.connect()
    ~~~~~~~~~~~~^^
  File "C:\Users\26949\AppData\Roaming\Python\Python313\site-packages\pymysql\connections.py", line 664, in connect
    self._request_authentication()
    ~~~~~~~~~~~~~~~~~~~~~~~~~~~~^^
  File "C:\Users\26949\AppData\Roaming\Python\Python313\site-packages\pymysql\connections.py", line 976, in _request_authentication
    auth_packet = _auth.caching_sha2_password_auth(self, auth_packet)
  File "C:\Users\26949\AppData\Roaming\Python\Python313\site-packages\pymysql\_auth.py", line 240, in caching_sha2_password_auth
    pkt = conn._read_packet()
  File "C:\Users\26949\AppData\Roaming\Python\Python313\site-packages\pymysql\connections.py", line 772, in _read_packet
    packet.raise_for_error()
    ~~~~~~~~~~~~~~~~~~~~~~^^
  File "C:\Users\26949\AppData\Roaming\Python\Python313\site-packages\pymysql\protocol.py", line 221, in raise_for_error
    err.raise_mysql_exception(self._data)
    ~~~~~~~~~~~~~~~~~~~~~~~~~^^^^^^^^^^^^
  File "C:\Users\26949\AppData\Roaming\Python\Python313\site-packages\pymysql\err.py", line 143, in raise_mysql_exception
    raise errorclass(errno, errval)
pymysql.err.OperationalError: (1049, "Unknown database 'production_legacy_db'")

During handling of the above exception, another exception occurred:

Traceback (most recent call last):
  File "E:\Code\sqlAnalize\sql_ai_analyzer\utils\db_connector_pymysql.py", line 138, in _init_mysql_pool
    self.pool = PyMySQLConnectionPool(self.config, self.pool_size)
                ~~~~~~~~~~~~~~~~~~~~~^^^^^^^^^^^^^^^^^^^^^^^^^^^^^
  File "E:\Code\sqlAnalize\sql_ai_analyzer\utils\db_connector_pymysql.py", line 34, in __init__
    conn = self._create_connection()
  File "E:\Code\sqlAnalize\sql_ai_analyzer\utils\db_connector_pymysql.py", line 52, in _create_connection
    raise ConnectionError(f"创建数据库连接失败: {str(e)}")
ConnectionError: 创建数据库连接失败: (1049, "Unknown database 'production_legacy_db'")

During handling of the above exception, another exception occurred:

Traceback (most recent call last):
  File "E:\Code\sqlAnalize\sql_ai_analyzer\data_collector\metadata_collector.py", line 51, in collect_metadata
    target_db = DatabaseManager(target_config)
  File "E:\Code\sqlAnalize\sql_ai_analyzer\utils\db_connector_pymysql.py", line 251, in __init__
    self.connector = DBConnector(config)
                     ~~~~~~~~~~~^^^^^^^^
  File "E:\Code\sqlAnalize\sql_ai_analyzer\utils\db_connector_pymysql.py", line 117, in __new__
    instance._init_pool(config, pool_size)
    ~~~~~~~~~~~~~~~~~~~^^^^^^^^^^^^^^^^^^^
  File "E:\Code\sqlAnalize\sql_ai_analyzer\utils\db_connector_pymysql.py", line 129, in _init_pool
    self._init_mysql_pool()
    ~~~~~~~~~~~~~~~~~~~~~^^
  File "E:\Code\sqlAnalize\sql_ai_analyzer\utils\db_connector_pymysql.py", line 140, in _init_mysql_pool
    raise ConnectionError(f"MySQL连接池初始化失败: {str(e)}")
ConnectionError: MySQL连接池初始化失败: 创建数据库连接失败: (1049, "Unknown database 'production_legacy_db'")
2026-02-10 10:38:50,796 - test_multi_db - ERROR - 收集元数据时发生错误: MySQL连接池初始化失败: 创建数据库连接失败: (1049, "Unknown database 'production_a_db'")
Traceback (most recent call last):
  File "E:\Code\sqlAnalize\sql_ai_analyzer\utils\db_connector_pymysql.py", line 40, in _create_connection
    conn = pymysql.connect(
        host=self.config.get('host', 'localhost'),
    ...<6 lines>...
        autocommit=True
    )
  File "C:\Users\26949\AppData\Roaming\Python\Python313\site-packages\pymysql\connections.py", line 358, in __init__
    self.connect()
    ~~~~~~~~~~~~^^
  File "C:\Users\26949\AppData\Roaming\Python\Python313\site-packages\pymysql\connections.py", line 664, in connect
    self._request_authentication()
    ~~~~~~~~~~~~~~~~~~~~~~~~~~~~^^
  File "C:\Users\26949\AppData\Roaming\Python\Python313\site-packages\pymysql\connections.py", line 976, in _request_authentication
    auth_packet = _auth.caching_sha2_password_auth(self, auth_packet)
  File "C:\Users\26949\AppData\Roaming\Python\Python313\site-packages\pymysql\_auth.py", line 240, in caching_sha2_password_auth
    pkt = conn._read_packet()
  File "C:\Users\26949\AppData\Roaming\Python\Python313\site-packages\pymysql\connections.py", line 772, in _read_packet
    packet.raise_for_error()
    ~~~~~~~~~~~~~~~~~~~~~~^^
  File "C:\Users\26949\AppData\Roaming\Python\Python313\site-packages\pymysql\protocol.py", line 221, in raise_for_error
    err.raise_mysql_exception(self._data)
    ~~~~~~~~~~~~~~~~~~~~~~~~~^^^^^^^^^^^^
  File "C:\Users\26949\AppData\Roaming\Python\Python313\site-packages\pymysql\err.py", line 143, in raise_mysql_exception
    raise errorclass(errno, errval)
pymysql.err.OperationalError: (1049, "Unknown database 'production_a_db'")

During handling of the above exception, another exception occurred:

Traceback (most recent call last):
  File "E:\Code\sqlAnalize\sql_ai_analyzer\utils\db_connector_pymysql.py", line 138, in _init_mysql_pool
    self.pool = PyMySQLConnectionPool(self.config, self.pool_size)
                ~~~~~~~~~~~~~~~~~~~~~^^^^^^^^^^^^^^^^^^^^^^^^^^^^^
  File "E:\Code\sqlAnalize\sql_ai_analyzer\utils\db_connector_pymysql.py", line 34, in __init__
    conn = self._create_connection()
  File "E:\Code\sqlAnalize\sql_ai_analyzer\utils\db_connector_pymysql.py", line 52, in _create_connection
    raise ConnectionError(f"创建数据库连接失败: {str(e)}")
ConnectionError: 创建数据库连接失败: (1049, "Unknown database 'production_a_db'")

During handling of the above exception, another exception occurred:

Traceback (most recent call last):
  File "E:\Code\sqlAnalize\sql_ai_analyzer\data_collector\metadata_collector.py", line 51, in collect_metadata
    target_db = DatabaseManager(target_config)
  File "E:\Code\sqlAnalize\sql_ai_analyzer\utils\db_connector_pymysql.py", line 251, in __init__
    self.connector = DBConnector(config)
                     ~~~~~~~~~~~^^^^^^^^
  File "E:\Code\sqlAnalize\sql_ai_analyzer\utils\db_connector_pymysql.py", line 117, in __new__
    instance._init_pool(config, pool_size)
    ~~~~~~~~~~~~~~~~~~~^^^^^^^^^^^^^^^^^^^
  File "E:\Code\sqlAnalize\sql_ai_analyzer\utils\db_connector_pymysql.py", line 129, in _init_pool
    self._init_mysql_pool()
    ~~~~~~~~~~~~~~~~~~~~~^^
  File "E:\Code\sqlAnalize\sql_ai_analyzer\utils\db_connector_pymysql.py", line 140, in _init_mysql_pool
    raise ConnectionError(f"MySQL连接池初始化失败: {str(e)}")
ConnectionError: MySQL连接池初始化失败: 创建数据库连接失败: (1049, "Unknown database 'production_a_db'")
2026-02-10 10:38:54,867 - test_multi_db - ERROR - 收集元数据时发生错误: MySQL连接池初始化失败: 创建数据库连接失败: (2003, "Can't connect to MySQL server on 'localhost' ([WinError 10061] 由于目标计算机积极拒绝，无法连接。)")
Traceback (most recent call last):
  File "C:\Users\26949\AppData\Roaming\Python\Python313\site-packages\pymysql\connections.py", line 644, in connect
    sock = socket.create_connection(
        (self.host, self.port), self.connect_timeout, **kwargs
    )
  File "C:\Python313\Lib\socket.py", line 864, in create_connection
    raise exceptions[0]
  File "C:\Python313\Lib\socket.py", line 849, in create_connection
    sock.connect(sa)
    ~~~~~~~~~~~~^^^^
ConnectionRefusedError: [WinError 10061] 由于目标计算机积极拒绝，无法连接。

During handling of the above exception, another exception occurred:

Traceback (most recent call last):
  File "E:\Code\sqlAnalize\sql_ai_analyzer\utils\db_connector_pymysql.py", line 40, in _create_connection
    conn = pymysql.connect(
        host=self.config.get('host', 'localhost'),
    ...<6 lines>...
        autocommit=True
    )
  File "C:\Users\26949\AppData\Roaming\Python\Python313\site-packages\pymysql\connections.py", line 358, in __init__
    self.connect()
    ~~~~~~~~~~~~^^
  File "C:\Users\26949\AppData\Roaming\Python\Python313\site-packages\pymysql\connections.py", line 711, in connect
    raise exc
pymysql.err.OperationalError: (2003, "Can't connect to MySQL server on 'localhost' ([WinError 10061] 由于目标计算机积极拒绝，无法连接。)")

During handling of the above exception, another exception occurred:

Traceback (most recent call last):
  File "E:\Code\sqlAnalize\sql_ai_analyzer\utils\db_connector_pymysql.py", line 138, in _init_mysql_pool
    self.pool = PyMySQLConnectionPool(self.config, self.pool_size)
                ~~~~~~~~~~~~~~~~~~~~~^^^^^^^^^^^^^^^^^^^^^^^^^^^^^
  File "E:\Code\sqlAnalize\sql_ai_analyzer\utils\db_connector_pymysql.py", line 34, in __init__
    conn = self._create_connection()
  File "E:\Code\sqlAnalize\sql_ai_analyzer\utils\db_connector_pymysql.py", line 52, in _create_connection
    raise ConnectionError(f"创建数据库连接失败: {str(e)}")
ConnectionError: 创建数据库连接失败: (2003, "Can't connect to MySQL server on 'localhost' ([WinError 10061] 由于目标计算机积极拒绝，无法连接。)")

During handling of the above exception, another exception occurred:

Traceback (most recent call last):
  File "E:\Code\sqlAnalize\sql_ai_analyzer\data_collector\metadata_collector.py", line 51, in collect_metadata
    target_db = DatabaseManager(target_config)
  File "E:\Code\sqlAnalize\sql_ai_analyzer\utils\db_connector_pymysql.py", line 251, in __init__
    self.connector = DBConnector(config)
                     ~~~~~~~~~~~^^^^^^^^
  File "E:\Code\sqlAnalize\sql_ai_analyzer\utils\db_connector_pymysql.py", line 117, in __new__
    instance._init_pool(config, pool_size)
    ~~~~~~~~~~~~~~~~~~~^^^^^^^^^^^^^^^^^^^
  File "E:\Code\sqlAnalize\sql_ai_analyzer\utils\db_connector_pymysql.py", line 129, in _init_pool
    self._init_mysql_pool()
    ~~~~~~~~~~~~~~~~~~~~~^^
  File "E:\Code\sqlAnalize\sql_ai_analyzer\utils\db_connector_pymysql.py", line 140, in _init_mysql_pool
    raise ConnectionError(f"MySQL连接池初始化失败: {str(e)}")
ConnectionError: MySQL连接池初始化失败: 创建数据库连接失败: (2003, "Can't connect to MySQL server on 'localhost' ([WinError 10061] 由于目标计算机积极拒绝，无法连接。)")
2026-02-10 10:38:54,869 - test_multi_db - INFO - 从 4 个数据库实例收集元数据: db_production
2026-02-10 10:38:54,869 - test_multi_db - INFO - 正在从实例 db_production 收集元数据
2026-02-10 10:38:54,891 - test_multi_db - ERROR - 连接数据库实例 db_production 时发生错误: MySQL连接池初始化失败: 创建数据库连接失败: (1049, "Unknown database 'production_legacy_db'")
2026-02-10 10:38:54,892 - test_multi_db - INFO - 正在从实例 db_production:1 收集元数据
2026-02-10 10:38:54,903 - test_multi_db - ERROR - 连接数据库实例 db_production:1 时发生错误: MySQL连接池初始化失败: 创建数据库连接失败: (1049, "Unknown database 'production_a_db'")
2026-02-10 10:38:54,903 - test_multi_db - INFO - 正在从实例 db_production:2 收集元数据
2026-02-10 10:38:58,952 - test_multi_db - ERROR - 连接数据库实例 db_production:2 时发生错误: MySQL连接池初始化失败: 创建数据库连接失败: (2003, "Can't connect to MySQL server on 'localhost' ([WinError 10061] 由于目标计算机积极拒绝，无法连接。)")
2026-02-10 10:38:58,952 - test_multi_db - INFO - 正在从实例 db_production:3 收集元数据
2026-02-10 10:39:02,993 - test_multi_db - ERROR - 连接数据库实例 db_production:3 时发生错误: MySQL连接池初始化失败: 创建数据库连接失败: (2003, "Can't connect to MySQL server on 'localhost' ([WinError 10061] 由于目标计算机积极拒绝，无法连接。)")
2026-02-10 10:39:02,994 - test_multi_db - INFO - 成功从 0 个实例收集到 0 个表的元数据
2026-02-10 10:39:02,994 - test_multi_db - INFO - 依次尝试 4 个数据库实例查找表: ['test_table1', 'test_table2']
2026-02-10 10:39:02,994 - test_multi_db - INFO - 尝试从实例 db_production 查找表
2026-02-10 10:39:03,005 - test_multi_db - ERROR - 连接数据库实例 db_production 时发生错误: MySQL连接池初始化失败: 创建数据库连接失败: (1049, "Unknown database 'production_legacy_db'")
2026-02-10 10:39:03,005 - test_multi_db - INFO - 尝试从实例 db_production:1 查找表
2026-02-10 10:39:03,007 - test_multi_db - ERROR - 连接数据库实例 db_production:1 时发生错误: MySQL连接池初始化失败: 创建数据库连接失败: (1049, "Unknown database 'production_a_db'")
2026-02-10 10:39:03,007 - test_multi_db - INFO - 尝试从实例 db_production:2 查找表
2026-02-10 10:39:07,058 - test_multi_db - ERROR - 连接数据库实例 db_production:2 时发生错误: MySQL连接池初始化失败: 创建数据库连接失败: (2003, "Can't connect to MySQL server on 'localhost' ([WinError 10061] 由于目标计算机积极拒绝，无法连接。)")
2026-02-10 10:39:07,059 - test_multi_db - INFO - 尝试从实例 db_production:3 查找表
2026-02-10 10:39:11,090 - test_multi_db - ERROR - 连接数据库实例 db_production:3 时发生错误: MySQL连接池初始化失败: 创建数据库连接失败: (2003, "Can't connect to MySQL server on 'localhost' ([WinError 10061] 由于目标计算机积极拒绝，无法连接。)")
2026-02-10 10:39:11,090 - test_multi_db - WARNING - 在所有 4 个实例中都未找到表: ['test_table1', 'test_table2']
2026-02-10 10:39:11,091 - test_multi_db_plan - INFO - 元数据收集器初始化完成
2026-02-10 10:39:11,092 - test_multi_db_plan - ERROR - 获取执行计划时发生错误: (1049, "Unknown database 'production_legacy_db'")
Traceback (most recent call last):
  File "E:\Code\sqlAnalize\sql_ai_analyzer\data_collector\metadata_collector.py", line 859, in get_execution_plan
    conn = create_db_connection(target_config)
  File "E:\Code\sqlAnalize\sql_ai_analyzer\utils\db_connector_pymysql.py", line 220, in create_db_connection
    conn = pymysql.connect(
        host=config.get('host', 'localhost'),
    ...<6 lines>...
        autocommit=True
    )
  File "C:\Users\26949\AppData\Roaming\Python\Python313\site-packages\pymysql\connections.py", line 358, in __init__
    self.connect()
    ~~~~~~~~~~~~^^
  File "C:\Users\26949\AppData\Roaming\Python\Python313\site-packages\pymysql\connections.py", line 664, in connect
    self._request_authentication()
    ~~~~~~~~~~~~~~~~~~~~~~~~~~~~^^
  File "C:\Users\26949\AppData\Roaming\Python\Python313\site-packages\pymysql\connections.py", line 976, in _request_authentication
    auth_packet = _auth.caching_sha2_password_auth(self, auth_packet)
  File "C:\Users\26949\AppData\Roaming\Python\Python313\site-packages\pymysql\_auth.py", line 240, in caching_sha2_password_auth
    pkt = conn._read_packet()
  File "C:\Users\26949\AppData\Roaming\Python\Python313\site-packages\pymysql\connections.py", line 772, in _read_packet
    packet.raise_for_error()
    ~~~~~~~~~~~~~~~~~~~~~~^^
  File "C:\Users\26949\AppData\Roaming\Python\Python313\site-packages\pymysql\protocol.py", line 221, in raise_for_error
    err.raise_mysql_exception(self._data)
    ~~~~~~~~~~~~~~~~~~~~~~~~~^^^^^^^^^^^^
  File "C:\Users\26949\AppData\Roaming\Python\Python313\site-packages\pymysql\err.py", line 143, in raise_mysql_exception
    raise errorclass(errno, errval)
pymysql.err.OperationalError: (1049, "Unknown database 'production_legacy_db'")
2026-02-10 10:39:11,108 - test_multi_db_plan - ERROR - 获取执行计划时发生错误: (1049, "Unknown database 'production_a_db'")
Traceback (most recent call last):
  File "E:\Code\sqlAnalize\sql_ai_analyzer\data_collector\metadata_collector.py", line 859, in get_execution_plan
    conn = create_db_connection(target_config)
  File "E:\Code\sqlAnalize\sql_ai_analyzer\utils\db_connector_pymysql.py", line 220, in create_db_connection
    conn = pymysql.connect(
        host=config.get('host', 'localhost'),
    ...<6 lines>...
        autocommit=True
    )
  File "C:\Users\26949\AppData\Roaming\Python\Python313\site-packages\pymysql\connections.py", line 358, in __init__
    self.connect()
    ~~~~~~~~~~~~^^
  File "C:\Users\26949\AppData\Roaming\Python\Python313\site-packages\pymysql\connections.py", line 664, in connect
    self._request_authentication()
    ~~~~~~~~~~~~~~~~~~~~~~~~~~~~^^
  File "C:\Users\26949\AppData\Roaming\Python\Python313\site-packages\pymysql\connections.py", line 976, in _request_authentication
    auth_packet = _auth.caching_sha2_password_auth(self, auth_packet)
  File "C:\Users\26949\AppData\Roaming\Python\Python313\site-packages\pymysql\_auth.py", line 240, in caching_sha2_password_auth
    pkt = conn._read_packet()
  File "C:\Users\26949\AppData\Roaming\Python\Python313\site-packages\pymysql\connections.py", line 772, in _read_packet
    packet.raise_for_error()
    ~~~~~~~~~~~~~~~~~~~~~~^^
  File "C:\Users\26949\AppData\Roaming\Python\Python313\site-packages\pymysql\protocol.py", line 221, in raise_for_error
    err.raise_mysql_exception(self._data)
    ~~~~~~~~~~~~~~~~~~~~~~~~~^^^^^^^^^^^^
  File "C:\Users\26949\AppData\Roaming\Python\Python313\site-packages\pymysql\err.py", line 143, in raise_mysql_exception
    raise errorclass(errno, errval)
pymysql.err.OperationalError: (1049, "Unknown database 'production_a_db'")
2026-02-11 11:20:58,074 - SQLExtractor - INFO - SQL提取器初始化完成
2026-02-11 11:20:58,076 - SQLExtractor - INFO - 获取到 0 条待分析SQL
2026-02-11 11:22:06,441 - SQLExtractor - INFO - SQL提取器初始化完成
2026-02-11 11:22:06,485 - SQLExtractor - INFO - 更新SQL ID 7363 状态为 failed
2026-02-11 11:22:36,998 - __main__ - INFO - 元数据收集器初始化完成
2026-02-11 11:22:36,999 - __main__ - INFO - 从 2 个数据库实例收集元数据: ECUP
2026-02-11 11:22:36,999 - __main__ - INFO - 正在从实例 ECUP:1 收集元数据
2026-02-11 11:22:37,007 - __main__ - ERROR - 连接数据库实例 ECUP:1 时发生错误: MySQL连接池初始化失败: 创建数据库连接失败: (1049, "Unknown database 'ecupdb_instance1'")
2026-02-11 11:22:37,007 - __main__ - INFO - 正在从实例 ECUP:2 收集元数据
2026-02-11 11:22:41,062 - __main__ - ERROR - 连接数据库实例 ECUP:2 时发生错误: MySQL连接池初始化失败: 创建数据库连接失败: (2003, "Can't connect to MySQL server on 'localhost' ([WinError 10061] 由于目标计算机积极拒绝，无法连接。)")
2026-02-11 11:22:41,062 - __main__ - INFO - 成功从 0 个实例收集到 0 个表的元数据
2026-02-11 11:22:41,063 - __main__ - INFO - 依次尝试 2 个数据库实例查找表: ['test_table', 'users', 'products']
2026-02-11 11:22:41,063 - __main__ - INFO - 尝试从实例 ECUP:1 查找表
2026-02-11 11:22:41,073 - __main__ - ERROR - 连接数据库实例 ECUP:1 时发生错误: MySQL连接池初始化失败: 创建数据库连接失败: (1049, "Unknown database 'ecupdb_instance1'")
2026-02-11 11:22:41,074 - __main__ - INFO - 尝试从实例 ECUP:2 查找表
2026-02-11 11:22:45,127 - __main__ - ERROR - 连接数据库实例 ECUP:2 时发生错误: MySQL连接池初始化失败: 创建数据库连接失败: (2003, "Can't connect to MySQL server on 'localhost' ([WinError 10061] 由于目标计算机积极拒绝，无法连接。)")
2026-02-11 11:22:45,127 - __main__ - WARNING - 在所有 2 个实例中都未找到表: ['test_table', 'users', 'products']
2026-02-11 11:22:45,139 - __main__ - ERROR - 收集元数据时发生错误: MySQL连接池初始化失败: 创建数据库连接失败: (1049, "Unknown database 'ecupdb_instance1'")
Traceback (most recent call last):
  File "e:\Code/sqlAnalize/sql_ai_analyzer\utils\db_connector_pymysql.py", line 40, in _create_connection
    conn = pymysql.connect(
        host=self.config.get('host', 'localhost'),
    ...<6 lines>...
        autocommit=True
    )
  File "C:\Users\26949\AppData\Roaming\Python\Python313\site-packages\pymysql\connections.py", line 358, in __init__
    self.connect()
    ~~~~~~~~~~~~^^
  File "C:\Users\26949\AppData\Roaming\Python\Python313\site-packages\pymysql\connections.py", line 664, in connect
    self._request_authentication()
    ~~~~~~~~~~~~~~~~~~~~~~~~~~~~^^
  File "C:\Users\26949\AppData\Roaming\Python\Python313\site-packages\pymysql\connections.py", line 976, in _request_authentication
    auth_packet = _auth.caching_sha2_password_auth(self, auth_packet)
  File "C:\Users\26949\AppData\Roaming\Python\Python313\site-packages\pymysql\_auth.py", line 240, in caching_sha2_password_auth
    pkt = conn._read_packet()
  File "C:\Users\26949\AppData\Roaming\Python\Python313\site-packages\pymysql\connections.py", line 772, in _read_packet
    packet.raise_for_error()
    ~~~~~~~~~~~~~~~~~~~~~~^^
  File "C:\Users\26949\AppData\Roaming\Python\Python313\site-packages\pymysql\protocol.py", line 221, in raise_for_error
    err.raise_mysql_exception(self._data)
    ~~~~~~~~~~~~~~~~~~~~~~~~~^^^^^^^^^^^^
  File "C:\Users\26949\AppData\Roaming\Python\Python313\site-packages\pymysql\err.py", line 143, in raise_mysql_exception
    raise errorclass(errno, errval)
pymysql.err.OperationalError: (1049, "Unknown database 'ecupdb_instance1'")

During handling of the above exception, another exception occurred:

Traceback (most recent call last):
  File "e:\Code/sqlAnalize/sql_ai_analyzer\utils\db_connector_pymysql.py", line 138, in _init_mysql_pool
    self.pool = PyMySQLConnectionPool(self.config, self.pool_size)
                ~~~~~~~~~~~~~~~~~~~~~^^^^^^^^^^^^^^^^^^^^^^^^^^^^^
  File "e:\Code/sqlAnalize/sql_ai_analyzer\utils\db_connector_pymysql.py", line 34, in __init__
    conn = self._create_connection()
  File "e:\Code/sqlAnalize/sql_ai_analyzer\utils\db_connector_pymysql.py", line 52, in _create_connection
    raise ConnectionError(f"创建数据库连接失败: {str(e)}")
ConnectionError: 创建数据库连接失败: (1049, "Unknown database 'ecupdb_instance1'")

During handling of the above exception, another exception occurred:

Traceback (most recent call last):
  File "e:\Code/sqlAnalize/sql_ai_analyzer\data_collector\metadata_collector.py", line 51, in collect_metadata
    target_db = DatabaseManager(target_config)
  File "e:\Code/sqlAnalize/sql_ai_analyzer\utils\db_connector_pymysql.py", line 251, in __init__
    self.connector = DBConnector(config)
                     ~~~~~~~~~~~^^^^^^^^
  File "e:\Code/sqlAnalize/sql_ai_analyzer\utils\db_connector_pymysql.py", line 117, in __new__
    instance._init_pool(config, pool_size)
    ~~~~~~~~~~~~~~~~~~~^^^^^^^^^^^^^^^^^^^
  File "e:\Code/sqlAnalize/sql_ai_analyzer\utils\db_connector_pymysql.py", line 129, in _init_pool
    self._init_mysql_pool()
    ~~~~~~~~~~~~~~~~~~~~~^^
  File "e:\Code/sqlAnalize/sql_ai_analyzer\utils\db_connector_pymysql.py", line 140, in _init_mysql_pool
    raise ConnectionError(f"MySQL连接池初始化失败: {str(e)}")
ConnectionError: MySQL连接池初始化失败: 创建数据库连接失败: (1049, "Unknown database 'ecupdb_instance1'")
2026-02-11 11:22:49,169 - __main__ - ERROR - 收集元数据时发生错误: MySQL连接池初始化失败: 创建数据库连接失败: (2003, "Can't connect to MySQL server on 'localhost' ([WinError 10061] 由于目标计算机积极拒绝，无法连接。)")
Traceback (most recent call last):
  File "C:\Users\26949\AppData\Roaming\Python\Python313\site-packages\pymysql\connections.py", line 644, in connect
    sock = socket.create_connection(
        (self.host, self.port), self.connect_timeout, **kwargs
    )
  File "C:\Python313\Lib\socket.py", line 864, in create_connection
    raise exceptions[0]
  File "C:\Python313\Lib\socket.py", line 849, in create_connection
    sock.connect(sa)
    ~~~~~~~~~~~~^^^^
ConnectionRefusedError: [WinError 10061] 由于目标计算机积极拒绝，无法连接。

During handling of the above exception, another exception occurred:

Traceback (most recent call last):
  File "e:\Code/sqlAnalize/sql_ai_analyzer\utils\db_connector_pymysql.py", line 40, in _create_connection
    conn = pymysql.connect(
        host=self.config.get('host', 'localhost'),
    ...<6 lines>...
        autocommit=True
    )
  File "C:\Users\26949\AppData\Roaming\Python\Python313\site-packages\pymysql\connections.py", line 358, in __init__
    self.connect()
    ~~~~~~~~~~~~^^
  File "C:\Users\26949\AppData\Roaming\Python\Python313\site-packages\pymysql\connections.py", line 711, in connect
    raise exc
pymysql.err.OperationalError: (2003, "Can't connect to MySQL server on 'localhost' ([WinError 10061] 由于目标计算机积极拒绝，无法连接。)")

During handling of the above exception, another exception occurred:

Traceback (most recent call last):
  File "e:\Code/sqlAnalize/sql_ai_analyzer\utils\db_connector_pymysql.py", line 138, in _init_mysql_pool
    self.pool = PyMySQLConnectionPool(self.config, self.pool_size)
                ~~~~~~~~~~~~~~~~~~~~~^^^^^^^^^^^^^^^^^^^^^^^^^^^^^
  File "e:\Code/sqlAnalize/sql_ai_analyzer\utils\db_connector_pymysql.py", line 34, in __init__
    conn = self._create_connection()
  File "e:\Code/sqlAnalize/sql_ai_analyzer\utils\db_connector_pymysql.py", line 52, in _create_connection
    raise ConnectionError(f"创建数据库连接失败: {str(e)}")
ConnectionError: 创建数据库连接失败: (2003, "Can't connect to MySQL server on 'localhost' ([WinError 10061] 由于目标计算机积极拒绝，无法连接。)")

During handling of the above exception, another exception occurred:

Traceback (most recent call last):
  File "e:\Code/sqlAnalize/sql_ai_analyzer\data_collector\metadata_collector.py", line 51, in collect_metadata
    target_db = DatabaseManager(target_config)
  File "e:\Code/sqlAnalize/sql_ai_analyzer\utils\db_connector_pymysql.py", line 251, in __init__
    self.connector = DBConnector(config)
                     ~~~~~~~~~~~^^^^^^^^
  File "e:\Code/sqlAnalize/sql_ai_analyzer\utils\db_connector_pymysql.py", line 117, in __new__
    instance._init_pool(config, pool_size)
    ~~~~~~~~~~~~~~~~~~~^^^^^^^^^^^^^^^^^^^
  File "e:\Code/sqlAnalize/sql_ai_analyzer\utils\db_connector_pymysql.py", line 129, in _init_pool
    self._init_mysql_pool()
    ~~~~~~~~~~~~~~~~~~~~~^^
  File "e:\Code/sqlAnalize/sql_ai_analyzer\utils\db_connector_pymysql.py", line 140, in _init_mysql_pool
    raise ConnectionError(f"MySQL连接池初始化失败: {str(e)}")
ConnectionError: MySQL连接池初始化失败: 创建数据库连接失败: (2003, "Can't connect to MySQL server on 'localhost' ([WinError 10061] 由于目标计算机积极拒绝，无法连接。)")
2026-02-27 10:28:57,632 - SQLPreprocessor - INFO - SQL预处理器初始化完成
2026-02-27 10:28:57,633 - SQLPreprocessor - INFO - SQL预处理: 原始长度=36, 处理后长度=19, 模式=normalize
2026-02-27 10:28:57,634 - SQLPreprocessor - INFO - SQL预处理: 原始长度=36, 处理后长度=19, 模式=normalize
2026-02-27 10:28:57,634 - SQLPreprocessor - INFO - SQL预处理: 原始长度=38, 处理后长度=19, 模式=normalize
2026-02-27 10:28:57,634 - SQLPreprocessor - INFO - SQL预处理: 原始长度=38, 处理后长度=19, 模式=normalize
2026-02-27 10:28:57,634 - SQLPreprocessor - INFO - SQL预处理: 原始长度=51, 处理后长度=19, 模式=normalize
2026-02-27 10:28:57,634 - SQLPreprocessor - INFO - SQL预处理: 原始长度=51, 处理后长度=19, 模式=normalize
2026-02-27 10:28:57,635 - SQLPreprocessor - INFO - SQL预处理: 原始长度=53, 处理后长度=36, 模式=normalize
2026-02-27 10:28:57,635 - SQLPreprocessor - INFO - SQL预处理: 原始长度=53, 处理后长度=36, 模式=normalize
2026-02-27 10:28:57,635 - SQLPreprocessor - INFO - SQL预处理: 原始长度=48, 处理后长度=19, 模式=normalize
2026-02-27 10:28:57,635 - SQLPreprocessor - INFO - SQL预处理: 原始长度=48, 处理后长度=19, 模式=normalize
2026-02-27 10:28:57,635 - SQLPreprocessor - INFO - SQL预处理: 原始长度=63, 处理后长度=22, 模式=normalize
2026-02-27 10:28:57,636 - SQLPreprocessor - INFO - SQL预处理: 原始长度=63, 处理后长度=22, 模式=normalize
2026-02-27 10:28:57,636 - SQLPreprocessor - INFO - SQL预处理: 原始长度=59, 处理后长度=19, 模式=normalize
2026-02-27 10:28:57,636 - SQLPreprocessor - INFO - SQL预处理: 原始长度=59, 处理后长度=19, 模式=normalize
2026-02-27 10:28:57,636 - SQLPreprocessor - INFO - SQL预处理: 原始长度=53, 处理后长度=36, 模式=normalize
2026-02-27 10:28:57,636 - SQLPreprocessor - INFO - SQL预处理: 原始长度=53, 处理后长度=36, 模式=normalize
2026-02-27 10:28:57,637 - SQLPreprocessor - INFO - SQL预处理: 原始长度=65, 处理后长度=48, 模式=normalize
2026-02-27 10:28:57,637 - SQLPreprocessor - INFO - SQL预处理: 原始长度=65, 处理后长度=48, 模式=normalize
2026-02-27 10:28:57,637 - SQLPreprocessor - INFO - SQL预处理: 原始长度=51, 处理后长度=34, 模式=normalize
2026-02-27 10:28:57,638 - SQLPreprocessor - INFO - SQL预处理: 原始长度=51, 处理后长度=34, 模式=normalize
2026-02-27 10:30:58,782 - SQLPreprocessor - INFO - SQL预处理器初始化完成
2026-02-27 10:30:58,783 - SQLPreprocessor - INFO - SQL预处理: 原始长度=36, 处理后长度=19, 模式=normalize
2026-02-27 10:30:58,783 - SQLPreprocessor - INFO - SQL预处理: 原始长度=36, 处理后长度=19, 模式=normalize
2026-02-27 10:30:58,784 - SQLPreprocessor - INFO - SQL预处理: 原始长度=38, 处理后长度=19, 模式=normalize
2026-02-27 10:30:58,784 - SQLPreprocessor - INFO - SQL预处理: 原始长度=38, 处理后长度=19, 模式=normalize
2026-02-27 10:30:58,784 - SQLPreprocessor - INFO - SQL预处理: 原始长度=51, 处理后长度=19, 模式=normalize
2026-02-27 10:30:58,784 - SQLPreprocessor - INFO - SQL预处理: 原始长度=51, 处理后长度=19, 模式=normalize
2026-02-27 10:30:58,784 - SQLPreprocessor - INFO - SQL预处理: 原始长度=53, 处理后长度=36, 模式=normalize
2026-02-27 10:30:58,785 - SQLPreprocessor - INFO - SQL预处理: 原始长度=53, 处理后长度=36, 模式=normalize
2026-02-27 10:30:58,785 - SQLPreprocessor - INFO - SQL预处理: 原始长度=48, 处理后长度=19, 模式=normalize
2026-02-27 10:30:58,785 - SQLPreprocessor - INFO - SQL预处理: 原始长度=48, 处理后长度=19, 模式=normalize
2026-02-27 10:30:58,786 - SQLPreprocessor - INFO - SQL预处理: 原始长度=63, 处理后长度=22, 模式=normalize
2026-02-27 10:30:58,786 - SQLPreprocessor - INFO - SQL预处理: 原始长度=63, 处理后长度=22, 模式=normalize
2026-02-27 10:30:58,786 - SQLPreprocessor - INFO - SQL预处理: 原始长度=59, 处理后长度=19, 模式=normalize
2026-02-27 10:30:58,786 - SQLPreprocessor - INFO - SQL预处理: 原始长度=59, 处理后长度=19, 模式=normalize
2026-02-27 10:30:58,786 - SQLPreprocessor - INFO - SQL预处理: 原始长度=53, 处理后长度=36, 模式=normalize
2026-02-27 10:30:58,787 - SQLPreprocessor - INFO - SQL预处理: 原始长度=53, 处理后长度=36, 模式=normalize
2026-02-27 10:30:58,787 - SQLPreprocessor - INFO - SQL预处理: 原始长度=65, 处理后长度=48, 模式=normalize
2026-02-27 10:30:58,787 - SQLPreprocessor - INFO - SQL预处理: 原始长度=65, 处理后长度=48, 模式=normalize
2026-02-27 10:30:58,788 - SQLPreprocessor - INFO - SQL预处理: 原始长度=51, 处理后长度=34, 模式=normalize
2026-02-27 10:30:58,788 - SQLPreprocessor - INFO - SQL预处理: 原始长度=51, 处理后长度=34, 模式=normalize
2026-02-27 10:30:58,788 - SQLPreprocessor - INFO - SQL预处理器初始化完成
2026-02-27 10:30:58,788 - SQLPreprocessor - INFO - SQL预处理: 原始长度=53, 处理后长度=36, 模式=normalize
2026-02-27 10:30:58,789 - SQLPreprocessor - INFO - SQL预处理器初始化完成
2026-02-27 10:30:58,789 - SQLPreprocessor - INFO - SQL预处理: 原始长度=78, 处理后长度=46, 模式=normalize
2026-02-27 10:30:58,789 - SQLPreprocessor - INFO - SQL预处理器初始化完成
2026-02-27 10:30:58,789 - SQLPreprocessor - INFO - SQL预处理: 原始长度=71, 处理后长度=54, 模式=normalize
2026-02-27 10:30:58,789 - SQLPreprocessor - INFO - SQL预处理器初始化完成
2026-02-27 10:30:58,789 - SQLPreprocessor - INFO - SQL预处理: 原始长度=65, 处理后长度=48, 模式=normalize
2026-02-27 10:30:58,790 - SQLPreprocessor - INFO - SQL预处理器初始化完成
2026-02-27 10:30:58,790 - SQLPreprocessor - INFO - SQL预处理: 原始长度=59, 处理后长度=42, 模式=normalize
2026-02-27 10:30:58,790 - SQLPreprocessor - INFO - SQL预处理器初始化完成
2026-02-27 10:30:58,790 - SQLPreprocessor - INFO - SQL预处理: 原始长度=92, 处理后长度=75, 模式=normalize
2026-02-27 10:30:58,791 - SQLPreprocessor - INFO - SQL预处理器初始化完成
2026-02-27 10:30:58,791 - SQLPreprocessor - INFO - SQL预处理: 原始长度=72, 处理后长度=55, 模式=normalize
2026-02-27 10:30:58,792 - ParamExtractor - INFO - SQL包含XML标签，预处理后长度: 55 (原始: 72)
2026-02-27 10:30:58,792 - ParamExtractor - INFO - 从SQL中提取到 2 个参数: ['id', 'name']
2026-02-27 10:30:58,792 - ParamExtractor - INFO - 从SQL中提取到 2 个参数: ['id', 'name']
2026-02-27 10:30:58,793 - ParamExtractor - INFO - 生成替换参数后的SQL，替换了 2 个参数
2026-02-27 10:30:58,793 - SQLPreprocessor - INFO - SQL预处理器初始化完成
2026-02-27 10:30:58,793 - SQLPreprocessor - INFO - SQL预处理: 原始长度=82, 处理后长度=65, 模式=normalize
2026-02-27 10:30:58,793 - ParamExtractor - INFO - SQL包含XML标签，预处理后长度: 65 (原始: 82)
2026-02-27 10:30:58,793 - ParamExtractor - INFO - 从SQL中提取到 2 个参数: ['price', 'category']
2026-02-27 10:30:58,793 - ParamExtractor - INFO - 从SQL中提取到 2 个参数: ['price', 'category']
2026-02-27 10:30:58,794 - ParamExtractor - INFO - 生成替换参数后的SQL，替换了 2 个参数
2026-02-27 10:30:58,794 - SQLPreprocessor - INFO - SQL预处理器初始化完成
2026-02-27 10:30:58,794 - SQLPreprocessor - INFO - SQL预处理: 原始长度=111, 处理后长度=94, 模式=normalize
2026-02-27 10:30:58,795 - ParamExtractor - INFO - SQL包含XML标签，预处理后长度: 94 (原始: 111)
2026-02-27 10:30:58,795 - ParamExtractor - INFO - 从SQL中提取到 3 个参数: ['user_id', 'amount', 'order_time']
2026-02-27 10:30:58,795 - ParamExtractor - INFO - 从SQL中提取到 3 个参数: ['user_id', 'amount', 'order_time']
2026-02-27 10:30:58,795 - ParamExtractor - INFO - 生成替换参数后的SQL，替换了 3 个参数
2026-02-27 10:30:58,796 - SQLPreprocessor - INFO - SQL预处理器初始化完成
2026-02-27 10:30:58,796 - SQLPreprocessor - INFO - SQL预处理: 原始长度=104, 处理后长度=87, 模式=normalize
2026-02-27 10:30:58,796 - ParamExtractor - INFO - SQL包含XML标签，预处理后长度: 87 (原始: 104)
2026-02-27 10:30:58,796 - ParamExtractor - INFO - 从SQL中提取到 3 个参数: ['batch_time', 'start', 'end']
2026-02-27 10:30:58,796 - ParamExtractor - INFO - 从SQL中提取到 3 个参数: ['batch_time', 'start', 'end']
2026-02-27 10:30:58,796 - ParamExtractor - INFO - 生成替换参数后的SQL，替换了 3 个参数
2026-02-27 10:30:58,797 - SQLPreprocessor - INFO - SQL预处理器初始化完成
2026-02-27 10:30:58,797 - SQLPreprocessor - INFO - SQL预处理: 原始长度=356, 处理后长度=230, 模式=normalize
2026-02-27 10:30:58,797 - SQLPreprocessor - INFO - SQL预处理: 原始长度=356, 处理后长度=230, 模式=normalize
2026-02-27 10:30:58,797 - SQLPreprocessor - INFO - SQL预处理器初始化完成
2026-02-27 10:30:58,797 - SQLPreprocessor - INFO - SQL预处理: 原始长度=356, 处理后长度=230, 模式=normalize
2026-02-27 10:30:58,797 - ParamExtractor - INFO - SQL包含XML标签，预处理后长度: 230 (原始: 356)
2026-02-27 10:30:58,797 - ParamExtractor - INFO - 从SQL中提取到 2 个参数: ['status', 'start_date']
2026-02-27 10:30:58,797 - ParamExtractor - INFO - 从SQL中提取到 2 个参数: ['status', 'start_date']
2026-02-27 10:30:58,798 - ParamExtractor - INFO - 生成替换参数后的SQL，替换了 2 个参数
2026-02-27 10:30:58,798 - SQLPreprocessor - INFO - SQL预处理: 原始长度=356, 处理后长度=230, 模式=normalize
2026-02-27 15:44:21,399 - ModelClient - INFO - 大模型API客户端初始化完成
2026-02-27 15:44:21,399 - XmlTagRemover - INFO - 大模型XML标签移除器初始化完成
2026-02-27 15:44:21,400 - SQLPreprocessor - INFO - SQL预处理器初始化完成，大模型XML标签移除器已启用
2026-02-27 15:44:21,400 - SQLPreprocessor - INFO - SQL预处理: 原始长度=36, 处理后长度=19, 模式=normalize
2026-02-27 15:44:21,401 - ModelClient - INFO - 构建简化版prompt完成：长度=1541, 预览前500字符=
SQL语句：
<select>SELECT * FROM users</select>

数据库：


动态SQL示例（用于判断SQL注入漏洞）：
请分析以下动态SQL示例是否存在SQL注入风险：
- 字符串拼接示例：SELECT * FROM users WHERE name LIKE '%${search_term}%'
- 数字类型注入示例：SELECT * FROM users WHERE id = ${id}
- 时间类型注入示例：SELECT * FROM users WHERE created_at > '${start_time}'
- 布尔盲注示例：SELECT * FROM users WHERE id = ${id} AND 1=1 -- 正常
- 时间盲注示例：SELECT * FROM users WHERE id = ${id} AND SLEEP(5) -- 延迟执行

SQL执行计划分析：
未能获取执行计划详细信息

请根据以下SQL评审重点进行分析：
1. 主键检查：表是否有主键
2. 索引检查：表是否有合适的索引
3. 数据量评估：表数据量是否合理

2026-02-27 15:44:21,401 - ModelClient - INFO - 调用大模型API (尝试 1/3)
2026-02-27 15:44:42,415 - ModelClient - WARNING - API调用超时 (尝试 1/3)
2026-02-27 15:44:43,417 - ModelClient - INFO - 调用大模型API (尝试 2/3)
2026-02-27 15:45:04,452 - ModelClient - WARNING - API调用超时 (尝试 2/3)
2026-02-27 15:45:06,453 - ModelClient - INFO - 调用大模型API (尝试 3/3)
2026-02-27 15:45:27,478 - ModelClient - WARNING - API调用超时 (尝试 3/3)
2026-02-27 15:45:27,478 - ModelClient - ERROR - 调用大模型API时发生错误: 请求超时
Traceback (most recent call last):
  File "E:\Code\sqlAnalize\sql_ai_analyzer\ai_integration\model_client.py", line 56, in analyze_sql
    response = self._call_api_with_retry(payload)
  File "E:\Code\sqlAnalize\sql_ai_analyzer\ai_integration\model_client.py", line 669, in _call_api_with_retry
    raise last_exception
Exception: 请求超时
2026-02-27 15:45:27,481 - XmlTagRemover - WARNING - 大模型处理失败，使用正则表达式回退: 大模型处理失败: 请求超时
2026-02-27 15:45:27,482 - SQLPreprocessor - INFO - SQL预处理: 原始长度=54, 处理后长度=22, 模式=normalize
2026-02-27 15:45:27,482 - ModelClient - INFO - 构建简化版prompt完成：长度=1559, 预览前500字符=
SQL语句：
<query><select>SELECT name FROM users</select></query>

数据库：


动态SQL示例（用于判断SQL注入漏洞）：
请分析以下动态SQL示例是否存在SQL注入风险：
- 字符串拼接示例：SELECT * FROM users WHERE name LIKE '%${search_term}%'
- 数字类型注入示例：SELECT * FROM users WHERE id = ${id}
- 时间类型注入示例：SELECT * FROM users WHERE created_at > '${start_time}'
- 布尔盲注示例：SELECT * FROM users WHERE id = ${id} AND 1=1 -- 正常
- 时间盲注示例：SELECT * FROM users WHERE id = ${id} AND SLEEP(5) -- 延迟执行

SQL执行计划分析：
未能获取执行计划详细信息

请根据以下SQL评审重点进行分析：
1. 主键检查：表是否有主键
2. 索引检查：表是否有合适的索引

2026-02-27 15:45:27,483 - ModelClient - INFO - 调用大模型API (尝试 1/3)
2026-02-27 15:45:48,550 - ModelClient - WARNING - API调用超时 (尝试 1/3)
2026-02-27 15:45:49,550 - ModelClient - INFO - 调用大模型API (尝试 2/3)
2026-02-27 15:46:10,583 - ModelClient - WARNING - API调用超时 (尝试 2/3)
2026-02-27 15:46:12,583 - ModelClient - INFO - 调用大模型API (尝试 3/3)
2026-02-27 15:46:33,627 - ModelClient - WARNING - API调用超时 (尝试 3/3)
2026-02-27 15:46:33,627 - ModelClient - ERROR - 调用大模型API时发生错误: 请求超时
Traceback (most recent call last):
  File "E:\Code\sqlAnalize\sql_ai_analyzer\ai_integration\model_client.py", line 56, in analyze_sql
    response = self._call_api_with_retry(payload)
  File "E:\Code\sqlAnalize\sql_ai_analyzer\ai_integration\model_client.py", line 669, in _call_api_with_retry
    raise last_exception
Exception: 请求超时
2026-02-27 15:46:33,628 - XmlTagRemover - WARNING - 大模型处理失败，使用正则表达式回退: 大模型处理失败: 请求超时
2026-02-27 15:46:33,628 - SQLPreprocessor - INFO - SQL预处理: 原始长度=48, 处理后长度=19, 模式=normalize
2026-02-27 15:46:33,628 - ModelClient - INFO - 构建简化版prompt完成：长度=1553, 预览前500字符=
SQL语句：
<select><![CDATA[SELECT * FROM users]]></select>

数据库：


动态SQL示例（用于判断SQL注入漏洞）：
请分析以下动态SQL示例是否存在SQL注入风险：
- 字符串拼接示例：SELECT * FROM users WHERE name LIKE '%${search_term}%'
- 数字类型注入示例：SELECT * FROM users WHERE id = ${id}
- 时间类型注入示例：SELECT * FROM users WHERE created_at > '${start_time}'
- 布尔盲注示例：SELECT * FROM users WHERE id = ${id} AND 1=1 -- 正常
- 时间盲注示例：SELECT * FROM users WHERE id = ${id} AND SLEEP(5) -- 延迟执行

SQL执行计划分析：
未能获取执行计划详细信息

请根据以下SQL评审重点进行分析：
1. 主键检查：表是否有主键
2. 索引检查：表是否有合适的索引
3. 数据量
2026-02-27 15:46:33,629 - ModelClient - INFO - 调用大模型API (尝试 1/3)
2026-02-27 15:46:54,654 - ModelClient - WARNING - API调用超时 (尝试 1/3)
2026-02-27 15:46:55,655 - ModelClient - INFO - 调用大模型API (尝试 2/3)
2026-02-27 15:47:16,678 - ModelClient - WARNING - API调用超时 (尝试 2/3)
2026-02-27 15:47:18,679 - ModelClient - INFO - 调用大模型API (尝试 3/3)
2026-02-27 15:47:39,695 - ModelClient - WARNING - API调用超时 (尝试 3/3)
2026-02-27 15:47:39,696 - ModelClient - ERROR - 调用大模型API时发生错误: 请求超时
Traceback (most recent call last):
  File "E:\Code\sqlAnalize\sql_ai_analyzer\ai_integration\model_client.py", line 56, in analyze_sql
    response = self._call_api_with_retry(payload)
  File "E:\Code\sqlAnalize\sql_ai_analyzer\ai_integration\model_client.py", line 669, in _call_api_with_retry
    raise last_exception
Exception: 请求超时
2026-02-27 15:47:39,697 - XmlTagRemover - WARNING - 大模型处理失败，使用正则表达式回退: 大模型处理失败: 请求超时
2026-02-27 15:47:39,697 - SQLPreprocessor - INFO - SQL预处理: 原始长度=77, 处理后长度=36, 模式=normalize
2026-02-27 15:47:39,697 - ModelClient - INFO - 构建简化版prompt完成：长度=1582, 预览前500字符=
SQL语句：
<sql type="query"><select>SELECT * FROM users WHERE id = #{id}</select></sql>

数据库：


动态SQL示例（用于判断SQL注入漏洞）：
请分析以下动态SQL示例是否存在SQL注入风险：
- 字符串拼接示例：SELECT * FROM users WHERE name LIKE '%${search_term}%'
- 数字类型注入示例：SELECT * FROM users WHERE id = ${id}
- 时间类型注入示例：SELECT * FROM users WHERE created_at > '${start_time}'
- 布尔盲注示例：SELECT * FROM users WHERE id = ${id} AND 1=1 -- 正常
- 时间盲注示例：SELECT * FROM users WHERE id = ${id} AND SLEEP(5) -- 延迟执行

SQL执行计划分析：
未能获取执行计划详细信息

请根据以下SQL评审重点进行分析：
1. 主键检查：表是
2026-02-27 15:47:39,698 - ModelClient - INFO - 调用大模型API (尝试 1/3)
2026-02-27 15:48:06,805 - SQLPreprocessor - INFO - SQL预处理器初始化完成，使用正则表达式处理XML标签
2026-02-27 15:48:06,806 - SQLPreprocessor - INFO - SQL预处理: 原始长度=36, 处理后长度=36, 模式=detect
2026-02-27 15:48:06,806 - SQLPreprocessor - INFO - SQL预处理: 原始长度=36, 处理后长度=19, 模式=normalize
2026-02-27 15:48:06,806 - SQLPreprocessor - INFO - SQL预处理: 原始长度=36, 处理后长度=19, 模式=extract
2026-02-27 15:48:06,806 - SQLPreprocessor - WARNING - 大模型移除器未初始化，使用正则表达式回退
2026-02-27 15:48:06,806 - SQLPreprocessor - INFO - SQL预处理: 原始长度=36, 处理后长度=19, 模式=model
2026-02-27 15:48:06,807 - SQLPreprocessor - INFO - SQL预处理: 原始长度=54, 处理后长度=54, 模式=detect
2026-02-27 15:48:06,807 - SQLPreprocessor - INFO - SQL预处理: 原始长度=54, 处理后长度=22, 模式=normalize
2026-02-27 15:48:06,807 - SQLPreprocessor - INFO - SQL预处理: 原始长度=54, 处理后长度=22, 模式=extract
2026-02-27 15:48:06,807 - SQLPreprocessor - WARNING - 大模型移除器未初始化，使用正则表达式回退
2026-02-27 15:48:06,807 - SQLPreprocessor - INFO - SQL预处理: 原始长度=54, 处理后长度=22, 模式=model
2026-02-27 15:48:06,807 - SQLPreprocessor - INFO - SQL预处理: 原始长度=48, 处理后长度=48, 模式=detect
2026-02-27 15:48:06,807 - SQLPreprocessor - INFO - SQL预处理: 原始长度=48, 处理后长度=19, 模式=normalize
2026-02-27 15:48:06,808 - SQLPreprocessor - INFO - SQL预处理: 原始长度=48, 处理后长度=19, 模式=extract
2026-02-27 15:48:06,808 - SQLPreprocessor - WARNING - 大模型移除器未初始化，使用正则表达式回退
2026-02-27 15:48:06,808 - SQLPreprocessor - INFO - SQL预处理: 原始长度=48, 处理后长度=19, 模式=model
2026-02-27 15:48:06,808 - SQLPreprocessor - INFO - SQL预处理: 原始长度=77, 处理后长度=77, 模式=detect
2026-02-27 15:48:06,808 - SQLPreprocessor - INFO - SQL预处理: 原始长度=77, 处理后长度=36, 模式=normalize
2026-02-27 15:48:06,808 - SQLPreprocessor - INFO - SQL预处理: 原始长度=77, 处理后长度=36, 模式=extract
2026-02-27 15:48:06,808 - SQLPreprocessor - WARNING - 大模型移除器未初始化，使用正则表达式回退
2026-02-27 15:48:06,809 - SQLPreprocessor - INFO - SQL预处理: 原始长度=77, 处理后长度=36, 模式=model
2026-02-27 15:48:06,809 - SQLPreprocessor - INFO - SQL预处理: 原始长度=134, 处理后长度=134, 模式=detect
2026-02-27 15:48:06,809 - SQLPreprocessor - INFO - SQL预处理: 原始长度=134, 处理后长度=107, 模式=normalize
2026-02-27 15:48:06,809 - SQLPreprocessor - INFO - SQL预处理: 原始长度=134, 处理后长度=107, 模式=extract
2026-02-27 15:48:06,810 - SQLPreprocessor - WARNING - 大模型移除器未初始化，使用正则表达式回退
2026-02-27 15:48:06,810 - SQLPreprocessor - INFO - SQL预处理: 原始长度=134, 处理后长度=107, 模式=model
2026-02-27 15:48:06,810 - SQLPreprocessor - INFO - SQL预处理: 原始长度=71, 处理后长度=71, 模式=detect
2026-02-27 15:48:06,810 - SQLPreprocessor - INFO - SQL预处理: 原始长度=71, 处理后长度=54, 模式=normalize
2026-02-27 15:48:06,810 - SQLPreprocessor - INFO - SQL预处理: 原始长度=71, 处理后长度=54, 模式=extract
2026-02-27 15:48:06,811 - SQLPreprocessor - WARNING - 大模型移除器未初始化，使用正则表达式回退
2026-02-27 15:48:06,811 - SQLPreprocessor - INFO - SQL预处理: 原始长度=71, 处理后长度=54, 模式=model
2026-02-27 15:48:06,811 - SQLPreprocessor - INFO - SQL预处理: 原始长度=65, 处理后长度=65, 模式=detect
2026-02-27 15:48:06,811 - SQLPreprocessor - INFO - SQL预处理: 原始长度=65, 处理后长度=48, 模式=normalize
2026-02-27 15:48:06,811 - SQLPreprocessor - INFO - SQL预处理: 原始长度=65, 处理后长度=48, 模式=extract
2026-02-27 15:48:06,811 - SQLPreprocessor - WARNING - 大模型移除器未初始化，使用正则表达式回退
2026-02-27 15:48:06,811 - SQLPreprocessor - INFO - SQL预处理: 原始长度=65, 处理后长度=48, 模式=model
2026-02-27 15:48:06,812 - SQLPreprocessor - INFO - SQL预处理: 原始长度=51, 处理后长度=51, 模式=detect
2026-02-27 15:48:06,812 - SQLPreprocessor - INFO - SQL预处理: 原始长度=51, 处理后长度=34, 模式=normalize
2026-02-27 15:48:06,812 - SQLPreprocessor - INFO - SQL预处理: 原始长度=51, 处理后长度=34, 模式=extract
2026-02-27 15:48:06,812 - SQLPreprocessor - WARNING - 大模型移除器未初始化，使用正则表达式回退
2026-02-27 15:48:06,812 - SQLPreprocessor - INFO - SQL预处理: 原始长度=51, 处理后长度=34, 模式=model
2026-02-27 15:48:06,812 - SQLPreprocessor - INFO - SQL预处理: 原始长度=17, 处理后长度=17, 模式=detect
2026-02-27 15:48:06,813 - SQLPreprocessor - WARNING - 预处理后SQL为空，原始SQL: <select></select>...
2026-02-27 15:48:06,813 - SQLPreprocessor - INFO - SQL预处理: 原始长度=17, 处理后长度=0, 模式=normalize
2026-02-27 15:48:06,813 - SQLPreprocessor - WARNING - 预处理后SQL为空，原始SQL: <select></select>...
2026-02-27 15:48:06,813 - SQLPreprocessor - INFO - SQL预处理: 原始长度=17, 处理后长度=0, 模式=extract
2026-02-27 15:48:06,813 - SQLPreprocessor - WARNING - 大模型移除器未初始化，使用正则表达式回退
2026-02-27 15:48:06,813 - SQLPreprocessor - WARNING - 预处理后SQL为空，原始SQL: <select></select>...
2026-02-27 15:48:06,813 - SQLPreprocessor - INFO - SQL预处理: 原始长度=17, 处理后长度=0, 模式=model
2026-02-27 15:49:59,418 - SQLPreprocessor - INFO - SQL预处理器初始化完成，使用正则表达式处理XML标签
2026-02-27 15:49:59,418 - SQLPreprocessor - INFO - SQL预处理: 原始长度=36, 处理后长度=36, 模式=detect
2026-02-27 15:49:59,419 - SQLPreprocessor - INFO - SQL预处理: 原始长度=36, 处理后长度=19, 模式=normalize
2026-02-27 15:49:59,419 - SQLPreprocessor - INFO - SQL预处理: 原始长度=36, 处理后长度=19, 模式=extract
2026-02-27 15:49:59,419 - SQLPreprocessor - WARNING - 大模型移除器未初始化，使用正则表达式回退
2026-02-27 15:49:59,419 - SQLPreprocessor - INFO - SQL预处理: 原始长度=36, 处理后长度=19, 模式=model
2026-02-27 15:49:59,420 - SQLPreprocessor - INFO - SQL预处理: 原始长度=54, 处理后长度=54, 模式=detect
2026-02-27 15:49:59,420 - SQLPreprocessor - INFO - SQL预处理: 原始长度=54, 处理后长度=22, 模式=normalize
2026-02-27 15:49:59,420 - SQLPreprocessor - INFO - SQL预处理: 原始长度=54, 处理后长度=22, 模式=extract
2026-02-27 15:49:59,420 - SQLPreprocessor - WARNING - 大模型移除器未初始化，使用正则表达式回退
2026-02-27 15:49:59,421 - SQLPreprocessor - INFO - SQL预处理: 原始长度=54, 处理后长度=22, 模式=model
2026-02-27 15:49:59,421 - SQLPreprocessor - INFO - SQL预处理: 原始长度=48, 处理后长度=48, 模式=detect
2026-02-27 15:49:59,421 - SQLPreprocessor - INFO - SQL预处理: 原始长度=48, 处理后长度=19, 模式=normalize
2026-02-27 15:49:59,421 - SQLPreprocessor - INFO - SQL预处理: 原始长度=48, 处理后长度=19, 模式=extract
2026-02-27 15:49:59,421 - SQLPreprocessor - WARNING - 大模型移除器未初始化，使用正则表达式回退
2026-02-27 15:49:59,422 - SQLPreprocessor - INFO - SQL预处理: 原始长度=48, 处理后长度=19, 模式=model
2026-02-27 15:49:59,422 - SQLPreprocessor - INFO - SQL预处理: 原始长度=77, 处理后长度=77, 模式=detect
2026-02-27 15:49:59,423 - SQLPreprocessor - INFO - SQL预处理: 原始长度=77, 处理后长度=36, 模式=normalize
2026-02-27 15:49:59,423 - SQLPreprocessor - INFO - SQL预处理: 原始长度=77, 处理后长度=36, 模式=extract
2026-02-27 15:49:59,423 - SQLPreprocessor - WARNING - 大模型移除器未初始化，使用正则表达式回退
2026-02-27 15:49:59,423 - SQLPreprocessor - INFO - SQL预处理: 原始长度=77, 处理后长度=36, 模式=model
2026-02-27 15:49:59,424 - SQLPreprocessor - INFO - SQL预处理: 原始长度=134, 处理后长度=134, 模式=detect
2026-02-27 15:49:59,424 - SQLPreprocessor - INFO - SQL预处理: 原始长度=134, 处理后长度=107, 模式=normalize
2026-02-27 15:49:59,424 - SQLPreprocessor - INFO - SQL预处理: 原始长度=134, 处理后长度=107, 模式=extract
2026-02-27 15:49:59,425 - SQLPreprocessor - WARNING - 大模型移除器未初始化，使用正则表达式回退
2026-02-27 15:49:59,425 - SQLPreprocessor - INFO - SQL预处理: 原始长度=134, 处理后长度=107, 模式=model
2026-02-27 15:49:59,425 - SQLPreprocessor - INFO - SQL预处理: 原始长度=71, 处理后长度=71, 模式=detect
2026-02-27 15:49:59,426 - SQLPreprocessor - INFO - SQL预处理: 原始长度=71, 处理后长度=54, 模式=normalize
2026-02-27 15:49:59,426 - SQLPreprocessor - INFO - SQL预处理: 原始长度=71, 处理后长度=54, 模式=extract
2026-02-27 15:49:59,426 - SQLPreprocessor - WARNING - 大模型移除器未初始化，使用正则表达式回退
2026-02-27 15:49:59,426 - SQLPreprocessor - INFO - SQL预处理: 原始长度=71, 处理后长度=54, 模式=model
2026-02-27 15:49:59,427 - SQLPreprocessor - INFO - SQL预处理: 原始长度=65, 处理后长度=65, 模式=detect
2026-02-27 15:49:59,427 - SQLPreprocessor - INFO - SQL预处理: 原始长度=65, 处理后长度=48, 模式=normalize
2026-02-27 15:49:59,427 - SQLPreprocessor - INFO - SQL预处理: 原始长度=65, 处理后长度=48, 模式=extract
2026-02-27 15:49:59,428 - SQLPreprocessor - WARNING - 大模型移除器未初始化，使用正则表达式回退
2026-02-27 15:49:59,428 - SQLPreprocessor - INFO - SQL预处理: 原始长度=65, 处理后长度=48, 模式=model
2026-02-27 15:49:59,428 - SQLPreprocessor - INFO - SQL预处理: 原始长度=51, 处理后长度=51, 模式=detect
2026-02-27 15:49:59,428 - SQLPreprocessor - INFO - SQL预处理: 原始长度=51, 处理后长度=34, 模式=normalize
2026-02-27 15:49:59,428 - SQLPreprocessor - INFO - SQL预处理: 原始长度=51, 处理后长度=34, 模式=extract
2026-02-27 15:49:59,428 - SQLPreprocessor - WARNING - 大模型移除器未初始化，使用正则表达式回退
2026-02-27 15:49:59,429 - SQLPreprocessor - INFO - SQL预处理: 原始长度=51, 处理后长度=34, 模式=model
2026-02-27 15:49:59,429 - SQLPreprocessor - INFO - SQL预处理: 原始长度=17, 处理后长度=17, 模式=detect
2026-02-27 15:49:59,429 - SQLPreprocessor - WARNING - 预处理后SQL为空，原始SQL: <select></select>...
2026-02-27 15:49:59,429 - SQLPreprocessor - INFO - SQL预处理: 原始长度=17, 处理后长度=0, 模式=normalize
2026-02-27 15:49:59,430 - SQLPreprocessor - WARNING - 预处理后SQL为空，原始SQL: <select></select>...
2026-02-27 15:49:59,430 - SQLPreprocessor - INFO - SQL预处理: 原始长度=17, 处理后长度=0, 模式=extract
2026-02-27 15:49:59,430 - SQLPreprocessor - WARNING - 大模型移除器未初始化，使用正则表达式回退
2026-02-27 15:49:59,430 - SQLPreprocessor - WARNING - 预处理后SQL为空，原始SQL: <select></select>...
2026-02-27 15:49:59,430 - SQLPreprocessor - INFO - SQL预处理: 原始长度=17, 处理后长度=0, 模式=model
2026-02-27 15:49:59,431 - SQLPreprocessor - INFO - SQL预处理: 原始长度=72, 处理后长度=55, 模式=normalize
2026-02-27 15:49:59,431 - ParamExtractor - INFO - 从SQL中提取到 2 个参数: ['id', 'name']
2026-02-27 15:49:59,432 - ParamExtractor - INFO - 生成替换参数后的SQL，替换了 2 个参数
2026-02-27 15:49:59,432 - SQLPreprocessor - INFO - SQL预处理: 原始长度=569, 处理后长度=330, 模式=normalize
2026-02-27 15:49:59,433 - SQLPreprocessor - INFO - SQL预处理: 原始长度=36, 处理后长度=19, 模式=normalize
2026-02-27 15:49:59,433 - SQLPreprocessor - INFO - SQL预处理: 原始长度=36, 处理后长度=19, 模式=normalize
2026-02-27 15:49:59,433 - SQLPreprocessor - INFO - SQL预处理: 原始长度=71, 处理后长度=54, 模式=normalize
2026-02-27 15:49:59,433 - SQLPreprocessor - INFO - SQL预处理: 原始长度=71, 处理后长度=54, 模式=normalize
2026-02-27 15:49:59,433 - SQLPreprocessor - INFO - SQL预处理: 原始长度=65, 处理后长度=48, 模式=normalize
2026-02-27 15:49:59,433 - SQLPreprocessor - INFO - SQL预处理: 原始长度=65, 处理后长度=48, 模式=normalize
2026-02-27 15:49:59,433 - SQLPreprocessor - INFO - SQL预处理: 原始长度=51, 处理后长度=34, 模式=normalize
2026-02-27 15:49:59,433 - SQLPreprocessor - INFO - SQL预处理: 原始长度=51, 处理后长度=34, 模式=normalize
2026-02-27 15:49:59,433 - SQLPreprocessor - INFO - SQL预处理: 原始长度=75, 处理后长度=58, 模式=normalize
2026-02-27 15:49:59,433 - SQLPreprocessor - INFO - SQL预处理: 原始长度=75, 处理后长度=58, 模式=normalize
2026-02-27 15:49:59,434 - SQLPreprocessor - INFO - SQL预处理: 原始长度=62, 处理后长度=47, 模式=normalize
2026-02-27 15:49:59,434 - SQLPreprocessor - INFO - SQL预处理: 原始长度=62, 处理后长度=47, 模式=normalize
2026-02-27 15:49:59,434 - SQLPreprocessor - INFO - SQL预处理: 原始长度=39, 处理后长度=26, 模式=normalize
2026-02-27 15:49:59,434 - SQLPreprocessor - INFO - SQL预处理: 原始长度=39, 处理后长度=26, 模式=normalize
2026-02-27 15:50:57,310 - SQLPreprocessor - INFO - SQL预处理器初始化完成，使用正则表达式处理XML标签
2026-02-27 15:50:57,310 - SQLPreprocessor - INFO - SQL预处理: 原始长度=36, 处理后长度=36, 模式=detect
2026-02-27 15:50:57,311 - SQLPreprocessor - INFO - SQL预处理: 原始长度=36, 处理后长度=19, 模式=normalize
2026-02-27 15:50:57,311 - SQLPreprocessor - INFO - SQL预处理: 原始长度=36, 处理后长度=19, 模式=extract
2026-02-27 15:50:57,311 - SQLPreprocessor - WARNING - 大模型移除器未初始化，使用正则表达式回退
2026-02-27 15:50:57,311 - SQLPreprocessor - INFO - SQL预处理: 原始长度=36, 处理后长度=19, 模式=model
2026-02-27 15:50:57,312 - SQLPreprocessor - INFO - SQL预处理: 原始长度=54, 处理后长度=54, 模式=detect
2026-02-27 15:50:57,312 - SQLPreprocessor - INFO - SQL预处理: 原始长度=54, 处理后长度=22, 模式=normalize
2026-02-27 15:50:57,312 - SQLPreprocessor - INFO - SQL预处理: 原始长度=54, 处理后长度=22, 模式=extract
2026-02-27 15:50:57,312 - SQLPreprocessor - WARNING - 大模型移除器未初始化，使用正则表达式回退
2026-02-27 15:50:57,312 - SQLPreprocessor - INFO - SQL预处理: 原始长度=54, 处理后长度=22, 模式=model
2026-02-27 15:50:57,313 - SQLPreprocessor - INFO - SQL预处理: 原始长度=48, 处理后长度=48, 模式=detect
2026-02-27 15:50:57,313 - SQLPreprocessor - INFO - SQL预处理: 原始长度=48, 处理后长度=19, 模式=normalize
2026-02-27 15:50:57,313 - SQLPreprocessor - INFO - SQL预处理: 原始长度=48, 处理后长度=19, 模式=extract
2026-02-27 15:50:57,313 - SQLPreprocessor - WARNING - 大模型移除器未初始化，使用正则表达式回退
2026-02-27 15:50:57,313 - SQLPreprocessor - INFO - SQL预处理: 原始长度=48, 处理后长度=19, 模式=model
2026-02-27 15:50:57,313 - SQLPreprocessor - INFO - SQL预处理: 原始长度=77, 处理后长度=77, 模式=detect
2026-02-27 15:50:57,314 - SQLPreprocessor - INFO - SQL预处理: 原始长度=77, 处理后长度=36, 模式=normalize
2026-02-27 15:50:57,314 - SQLPreprocessor - INFO - SQL预处理: 原始长度=77, 处理后长度=36, 模式=extract
2026-02-27 15:50:57,314 - SQLPreprocessor - WARNING - 大模型移除器未初始化，使用正则表达式回退
2026-02-27 15:50:57,314 - SQLPreprocessor - INFO - SQL预处理: 原始长度=77, 处理后长度=36, 模式=model
2026-02-27 15:50:57,314 - SQLPreprocessor - INFO - SQL预处理: 原始长度=134, 处理后长度=134, 模式=detect
2026-02-27 15:50:57,314 - SQLPreprocessor - INFO - SQL预处理: 原始长度=134, 处理后长度=107, 模式=normalize
2026-02-27 15:50:57,314 - SQLPreprocessor - INFO - SQL预处理: 原始长度=134, 处理后长度=107, 模式=extract
2026-02-27 15:50:57,315 - SQLPreprocessor - WARNING - 大模型移除器未初始化，使用正则表达式回退
2026-02-27 15:50:57,315 - SQLPreprocessor - INFO - SQL预处理: 原始长度=134, 处理后长度=107, 模式=model
2026-02-27 15:50:57,315 - SQLPreprocessor - INFO - SQL预处理: 原始长度=71, 处理后长度=71, 模式=detect
2026-02-27 15:50:57,315 - SQLPreprocessor - INFO - SQL预处理: 原始长度=71, 处理后长度=54, 模式=normalize
2026-02-27 15:50:57,315 - SQLPreprocessor - INFO - SQL预处理: 原始长度=71, 处理后长度=54, 模式=extract
2026-02-27 15:50:57,316 - SQLPreprocessor - WARNING - 大模型移除器未初始化，使用正则表达式回退
2026-02-27 15:50:57,316 - SQLPreprocessor - INFO - SQL预处理: 原始长度=71, 处理后长度=54, 模式=model
2026-02-27 15:50:57,316 - SQLPreprocessor - INFO - SQL预处理: 原始长度=65, 处理后长度=65, 模式=detect
2026-02-27 15:50:57,316 - SQLPreprocessor - INFO - SQL预处理: 原始长度=65, 处理后长度=48, 模式=normalize
2026-02-27 15:50:57,316 - SQLPreprocessor - INFO - SQL预处理: 原始长度=65, 处理后长度=48, 模式=extract
2026-02-27 15:50:57,317 - SQLPreprocessor - WARNING - 大模型移除器未初始化，使用正则表达式回退
2026-02-27 15:50:57,317 - SQLPreprocessor - INFO - SQL预处理: 原始长度=65, 处理后长度=48, 模式=model
2026-02-27 15:50:57,317 - SQLPreprocessor - INFO - SQL预处理: 原始长度=51, 处理后长度=51, 模式=detect
2026-02-27 15:50:57,317 - SQLPreprocessor - INFO - SQL预处理: 原始长度=51, 处理后长度=34, 模式=normalize
2026-02-27 15:50:57,317 - SQLPreprocessor - INFO - SQL预处理: 原始长度=51, 处理后长度=34, 模式=extract
2026-02-27 15:50:57,317 - SQLPreprocessor - WARNING - 大模型移除器未初始化，使用正则表达式回退
2026-02-27 15:50:57,317 - SQLPreprocessor - INFO - SQL预处理: 原始长度=51, 处理后长度=34, 模式=model
2026-02-27 15:50:57,318 - SQLPreprocessor - INFO - SQL预处理: 原始长度=17, 处理后长度=17, 模式=detect
2026-02-27 15:50:57,318 - SQLPreprocessor - WARNING - 预处理后SQL为空，原始SQL: <select></select>...
2026-02-27 15:50:57,319 - SQLPreprocessor - INFO - SQL预处理: 原始长度=17, 处理后长度=0, 模式=normalize
2026-02-27 15:50:57,319 - SQLPreprocessor - WARNING - 预处理后SQL为空，原始SQL: <select></select>...
2026-02-27 15:50:57,319 - SQLPreprocessor - INFO - SQL预处理: 原始长度=17, 处理后长度=0, 模式=extract
2026-02-27 15:50:57,319 - SQLPreprocessor - WARNING - 大模型移除器未初始化，使用正则表达式回退
2026-02-27 15:50:57,319 - SQLPreprocessor - WARNING - 预处理后SQL为空，原始SQL: <select></select>...
2026-02-27 15:50:57,319 - SQLPreprocessor - INFO - SQL预处理: 原始长度=17, 处理后长度=0, 模式=model
2026-02-27 15:50:57,320 - SQLPreprocessor - INFO - SQL预处理: 原始长度=72, 处理后长度=55, 模式=normalize
2026-02-27 15:50:57,321 - ParamExtractor - INFO - 从SQL中提取到 2 个参数: ['id', 'name']
2026-02-27 15:50:57,321 - ParamExtractor - INFO - 生成替换参数后的SQL，替换了 2 个参数
2026-02-27 15:50:57,322 - SQLPreprocessor - INFO - SQL预处理: 原始长度=569, 处理后长度=330, 模式=normalize
2026-02-27 15:50:57,322 - SQLPreprocessor - INFO - SQL预处理: 原始长度=36, 处理后长度=19, 模式=normalize
2026-02-27 15:50:57,323 - SQLPreprocessor - INFO - SQL预处理: 原始长度=36, 处理后长度=19, 模式=normalize
2026-02-27 15:50:57,323 - SQLPreprocessor - INFO - SQL预处理: 原始长度=71, 处理后长度=54, 模式=normalize
2026-02-27 15:50:57,323 - SQLPreprocessor - INFO - SQL预处理: 原始长度=71, 处理后长度=54, 模式=normalize
2026-02-27 15:50:57,323 - SQLPreprocessor - INFO - SQL预处理: 原始长度=65, 处理后长度=48, 模式=normalize
2026-02-27 15:50:57,323 - SQLPreprocessor - INFO - SQL预处理: 原始长度=65, 处理后长度=48, 模式=normalize
2026-02-27 15:50:57,323 - SQLPreprocessor - INFO - SQL预处理: 原始长度=51, 处理后长度=34, 模式=normalize
2026-02-27 15:50:57,323 - SQLPreprocessor - INFO - SQL预处理: 原始长度=51, 处理后长度=34, 模式=normalize
2026-02-27 15:50:57,324 - SQLPreprocessor - INFO - SQL预处理: 原始长度=75, 处理后长度=58, 模式=normalize
2026-02-27 15:50:57,324 - SQLPreprocessor - INFO - SQL预处理: 原始长度=75, 处理后长度=58, 模式=normalize
2026-02-27 15:50:57,324 - SQLPreprocessor - INFO - SQL预处理: 原始长度=62, 处理后长度=47, 模式=normalize
2026-02-27 15:50:57,324 - SQLPreprocessor - INFO - SQL预处理: 原始长度=62, 处理后长度=47, 模式=normalize
2026-02-27 15:50:57,324 - SQLPreprocessor - INFO - SQL预处理: 原始长度=39, 处理后长度=26, 模式=normalize
2026-02-27 15:50:57,324 - SQLPreprocessor - INFO - SQL预处理: 原始长度=39, 处理后长度=26, 模式=normalize
2026-02-27 16:03:04,758 - SQLPreprocessor - INFO - SQL预处理器初始化完成，使用正则表达式处理XML标签
2026-02-27 16:03:04,759 - SQLPreprocessor - INFO - SQL预处理: 原始长度=36, 处理后长度=36, 模式=detect
2026-02-27 16:03:04,760 - SQLPreprocessor - INFO - SQL预处理: 原始长度=36, 处理后长度=19, 模式=normalize
2026-02-27 16:03:04,760 - SQLPreprocessor - INFO - SQL预处理: 原始长度=36, 处理后长度=19, 模式=extract
2026-02-27 16:03:04,760 - SQLPreprocessor - WARNING - 大模型移除器未初始化，使用正则表达式回退
2026-02-27 16:03:04,760 - SQLPreprocessor - INFO - SQL预处理: 原始长度=36, 处理后长度=19, 模式=model
2026-02-27 16:03:04,760 - SQLPreprocessor - INFO - SQL预处理: 原始长度=54, 处理后长度=54, 模式=detect
2026-02-27 16:03:04,761 - SQLPreprocessor - INFO - SQL预处理: 原始长度=54, 处理后长度=22, 模式=normalize
2026-02-27 16:03:04,761 - SQLPreprocessor - INFO - SQL预处理: 原始长度=54, 处理后长度=22, 模式=extract
2026-02-27 16:03:04,761 - SQLPreprocessor - WARNING - 大模型移除器未初始化，使用正则表达式回退
2026-02-27 16:03:04,761 - SQLPreprocessor - INFO - SQL预处理: 原始长度=54, 处理后长度=22, 模式=model
2026-02-27 16:03:04,761 - SQLPreprocessor - INFO - SQL预处理: 原始长度=48, 处理后长度=48, 模式=detect
2026-02-27 16:03:04,761 - SQLPreprocessor - INFO - SQL预处理: 原始长度=48, 处理后长度=19, 模式=normalize
2026-02-27 16:03:04,761 - SQLPreprocessor - INFO - SQL预处理: 原始长度=48, 处理后长度=19, 模式=extract
2026-02-27 16:03:04,761 - SQLPreprocessor - WARNING - 大模型移除器未初始化，使用正则表达式回退
2026-02-27 16:03:04,761 - SQLPreprocessor - INFO - SQL预处理: 原始长度=48, 处理后长度=19, 模式=model
2026-02-27 16:03:04,762 - SQLPreprocessor - INFO - SQL预处理: 原始长度=77, 处理后长度=77, 模式=detect
2026-02-27 16:03:04,762 - SQLPreprocessor - INFO - SQL预处理: 原始长度=77, 处理后长度=36, 模式=normalize
2026-02-27 16:03:04,762 - SQLPreprocessor - INFO - SQL预处理: 原始长度=77, 处理后长度=36, 模式=extract
2026-02-27 16:03:04,762 - SQLPreprocessor - WARNING - 大模型移除器未初始化，使用正则表达式回退
2026-02-27 16:03:04,762 - SQLPreprocessor - INFO - SQL预处理: 原始长度=77, 处理后长度=36, 模式=model
2026-02-27 16:03:04,762 - SQLPreprocessor - INFO - SQL预处理: 原始长度=134, 处理后长度=134, 模式=detect
2026-02-27 16:03:04,763 - SQLPreprocessor - INFO - SQL预处理: 原始长度=134, 处理后长度=107, 模式=normalize
2026-02-27 16:03:04,763 - SQLPreprocessor - INFO - SQL预处理: 原始长度=134, 处理后长度=107, 模式=extract
2026-02-27 16:03:04,763 - SQLPreprocessor - WARNING - 大模型移除器未初始化，使用正则表达式回退
2026-02-27 16:03:04,763 - SQLPreprocessor - INFO - SQL预处理: 原始长度=134, 处理后长度=107, 模式=model
2026-02-27 16:03:04,764 - SQLPreprocessor - INFO - SQL预处理: 原始长度=71, 处理后长度=71, 模式=detect
2026-02-27 16:03:04,764 - SQLPreprocessor - INFO - SQL预处理: 原始长度=71, 处理后长度=54, 模式=normalize
2026-02-27 16:03:04,764 - SQLPreprocessor - INFO - SQL预处理: 原始长度=71, 处理后长度=54, 模式=extract
2026-02-27 16:03:04,764 - SQLPreprocessor - WARNING - 大模型移除器未初始化，使用正则表达式回退
2026-02-27 16:03:04,764 - SQLPreprocessor - INFO - SQL预处理: 原始长度=71, 处理后长度=54, 模式=model
2026-02-27 16:03:04,765 - SQLPreprocessor - INFO - SQL预处理: 原始长度=65, 处理后长度=65, 模式=detect
2026-02-27 16:03:04,765 - SQLPreprocessor - INFO - SQL预处理: 原始长度=65, 处理后长度=48, 模式=normalize
2026-02-27 16:03:04,765 - SQLPreprocessor - INFO - SQL预处理: 原始长度=65, 处理后长度=48, 模式=extract
2026-02-27 16:03:04,765 - SQLPreprocessor - WARNING - 大模型移除器未初始化，使用正则表达式回退
2026-02-27 16:03:04,765 - SQLPreprocessor - INFO - SQL预处理: 原始长度=65, 处理后长度=48, 模式=model
2026-02-27 16:03:04,766 - SQLPreprocessor - INFO - SQL预处理: 原始长度=51, 处理后长度=51, 模式=detect
2026-02-27 16:03:04,766 - SQLPreprocessor - INFO - SQL预处理: 原始长度=51, 处理后长度=34, 模式=normalize
2026-02-27 16:03:04,766 - SQLPreprocessor - INFO - SQL预处理: 原始长度=51, 处理后长度=34, 模式=extract
2026-02-27 16:03:04,766 - SQLPreprocessor - WARNING - 大模型移除器未初始化，使用正则表达式回退
2026-02-27 16:03:04,766 - SQLPreprocessor - INFO - SQL预处理: 原始长度=51, 处理后长度=34, 模式=model
2026-02-27 16:03:04,767 - SQLPreprocessor - INFO - SQL预处理: 原始长度=17, 处理后长度=17, 模式=detect
2026-02-27 16:03:04,767 - SQLPreprocessor - WARNING - 预处理后SQL为空，原始SQL: <select></select>...
2026-02-27 16:03:04,768 - SQLPreprocessor - INFO - SQL预处理: 原始长度=17, 处理后长度=0, 模式=normalize
2026-02-27 16:03:04,768 - SQLPreprocessor - WARNING - 预处理后SQL为空，原始SQL: <select></select>...
2026-02-27 16:03:04,768 - SQLPreprocessor - INFO - SQL预处理: 原始长度=17, 处理后长度=0, 模式=extract
2026-02-27 16:03:04,768 - SQLPreprocessor - WARNING - 大模型移除器未初始化，使用正则表达式回退
2026-02-27 16:03:04,768 - SQLPreprocessor - WARNING - 预处理后SQL为空，原始SQL: <select></select>...
2026-02-27 16:03:04,769 - SQLPreprocessor - INFO - SQL预处理: 原始长度=17, 处理后长度=0, 模式=model
2026-02-27 16:03:04,770 - SQLPreprocessor - INFO - SQL预处理: 原始长度=72, 处理后长度=55, 模式=normalize
2026-02-27 16:03:04,770 - ParamExtractor - INFO - 从SQL中提取到 2 个参数: ['id', 'name']
2026-02-27 16:03:04,771 - ParamExtractor - INFO - 生成替换参数后的SQL，替换了 2 个参数
2026-02-27 16:03:04,771 - SQLPreprocessor - INFO - SQL预处理: 原始长度=569, 处理后长度=330, 模式=normalize
2026-02-27 16:03:04,771 - SQLPreprocessor - INFO - SQL预处理: 原始长度=36, 处理后长度=19, 模式=normalize
2026-02-27 16:03:04,772 - SQLPreprocessor - INFO - SQL预处理: 原始长度=36, 处理后长度=19, 模式=normalize
2026-02-27 16:03:04,772 - SQLPreprocessor - INFO - SQL预处理: 原始长度=71, 处理后长度=54, 模式=normalize
2026-02-27 16:03:04,772 - SQLPreprocessor - INFO - SQL预处理: 原始长度=71, 处理后长度=54, 模式=normalize
2026-02-27 16:03:04,772 - SQLPreprocessor - INFO - SQL预处理: 原始长度=65, 处理后长度=48, 模式=normalize
2026-02-27 16:03:04,772 - SQLPreprocessor - INFO - SQL预处理: 原始长度=65, 处理后长度=48, 模式=normalize
2026-02-27 16:03:04,772 - SQLPreprocessor - INFO - SQL预处理: 原始长度=51, 处理后长度=34, 模式=normalize
2026-02-27 16:03:04,772 - SQLPreprocessor - INFO - SQL预处理: 原始长度=51, 处理后长度=34, 模式=normalize
2026-02-27 16:03:04,772 - SQLPreprocessor - INFO - SQL预处理: 原始长度=75, 处理后长度=58, 模式=normalize
2026-02-27 16:03:04,772 - SQLPreprocessor - INFO - SQL预处理: 原始长度=75, 处理后长度=58, 模式=normalize
2026-02-27 16:03:04,772 - SQLPreprocessor - INFO - SQL预处理: 原始长度=62, 处理后长度=47, 模式=normalize
2026-02-27 16:03:04,772 - SQLPreprocessor - INFO - SQL预处理: 原始长度=62, 处理后长度=47, 模式=normalize
2026-02-27 16:03:04,773 - SQLPreprocessor - INFO - SQL预处理: 原始长度=39, 处理后长度=26, 模式=normalize
2026-02-27 16:03:04,773 - SQLPreprocessor - INFO - SQL预处理: 原始长度=39, 处理后长度=26, 模式=normalize
2026-02-27 16:27:31,265 - ModelClient - INFO - 大模型API客户端初始化完成
2026-02-27 16:27:31,265 - ModelClient - INFO - 大模型API客户端初始化完成
2026-02-27 16:27:31,266 - XmlTagRemover - INFO - 大模型XML标签移除器初始化完成
2026-03-03 10:28:33,390 - ModelClientEnhanced - INFO - 大模型API客户端（增强版）初始化完成，已集成SQL规范检查
2026-03-03 10:37:25,705 - ModelClientEnhanced - INFO - 大模型API客户端（增强版）初始化完成，已集成SQL规范检查
2026-03-03 10:37:25,706 - ModelClientEnhanced - INFO - 构建增强版prompt完成：长度=2533, SQL类型=select, 预览前500字符=
SQL语句：
SELECT * FROM users WHERE age > 18

数据库：test_db

涉及的表信息：

表1：users
  - 行数：10000
  - 是否大表：是
  - 列数：5
  - 索引数：2
  - 表存在性：是
  - DDL：
    CREATE TABLE users (id INT PRIMARY KEY, name VARCHAR(100), age INT, created_at DATETIME DEFAULT CURRENT_TIMESTAMP, updated_at DATETIME DEFAULT CURRENT_TIMESTAMP ON UPDATE CURRENT_TIMESTAMP) ENGINE=InnoDB CHARSET=utf8mb4
  - 列信息：
    * id (INT) 非空
    * name (VARCHAR(100)) 可空
    * age (INT) 可空
    * created_at (DATETIME) 非空
    * updated_at (DATETIME) 非空
  
2026-03-03 10:49:13,229 - ModelClientEnhanced - INFO - 大模型API客户端（增强版）初始化完成，已集成SQL规范检查
2026-03-03 10:51:43,993 - ModelClientEnhanced - INFO - 大模型API客户端（增强版）初始化完成，已集成SQL规范检查
2026-03-03 10:51:43,994 - ModelClientEnhanced - INFO - 构建增强版prompt完成：长度=2209, SQL类型=select, 预览前500字符=
SQL语句：
SELECT * FROM users WHERE age > 18

数据库：test_db

涉及的表信息：

表1：users
  - 行数：10000
  - 是否大表：是
  - 列数：5
  - 索引数：2
  - 表存在性：是
  - DDL：
    CREATE TABLE users (id INT PRIMARY KEY, name VARCHAR(100), age INT, created_at DATETIME DEFAULT CURRENT_TIMESTAMP, updated_at DATETIME DEFAULT CURRENT_TIMESTAMP ON UPDATE CURRENT_TIMESTAMP) ENGINE=InnoDB CHARSET=utf8mb4
  - 列信息：
    * id (INT) 非空
    * name (VARCHAR(100)) 可空
    * age (INT) 可空
    * created_at (DATETIME) 非空
    * updated_at (DATETIME) 非空
  
2026-03-03 13:45:49,768 - ModelClient - INFO - 大模型API客户端初始化完成
2026-03-03 13:47:28,257 - ModelClient - INFO - 大模型API客户端初始化完成
2026-03-03 13:48:28,404 - ModelClient - INFO - 大模型API客户端初始化完成
2026-03-03 13:51:18,995 - ModelClient - INFO - 大模型API客户端初始化完成
2026-03-05 14:34:52,549 - SQLPreprocessor - INFO - SQL预处理器初始化完成，使用正则表达式处理XML标签
2026-03-05 14:34:52,550 - SQLPreprocessor - INFO - SQL预处理: 原始长度=123, 处理后长度=102, 模式=normalize
2026-03-05 14:34:52,551 - SQLPreprocessor - INFO - SQL预处理: 原始长度=123, 处理后长度=102, 模式=normalize
2026-03-05 14:34:52,551 - SQLPreprocessor - INFO - SQL预处理: 原始长度=117, 处理后长度=102, 模式=normalize
2026-03-05 14:34:52,551 - SQLPreprocessor - INFO - SQL预处理: 原始长度=117, 处理后长度=102, 模式=normalize
2026-03-05 14:34:52,551 - SQLPreprocessor - INFO - SQL预处理: 原始长度=36, 处理后长度=19, 模式=normalize
2026-03-05 14:34:52,551 - SQLPreprocessor - INFO - SQL预处理: 原始长度=36, 处理后长度=19, 模式=normalize
2026-03-05 14:34:52,552 - XmlTagRemover - WARNING - 初始化大模型客户端失败，将使用正则表达式回退: 'MockConfigManager' object has no attribute 'get_ai_model_config'
2026-03-05 14:34:52,555 - SQLPreprocessor - INFO - SQL预处理器初始化完成，使用正则表达式处理XML标签
2026-03-05 14:39:12,165 - SQLPreprocessor - INFO - SQL预处理器初始化完成，使用正则表达式处理XML标签
2026-03-05 14:39:12,166 - SQLPreprocessor - INFO - SQL预处理: 原始长度=123, 处理后长度=102, 模式=normalize
2026-03-05 14:39:12,167 - SQLPreprocessor - INFO - SQL预处理: 原始长度=123, 处理后长度=102, 模式=normalize
2026-03-05 14:39:12,167 - SQLPreprocessor - INFO - SQL预处理: 原始长度=117, 处理后长度=102, 模式=normalize
2026-03-05 14:39:12,167 - SQLPreprocessor - INFO - SQL预处理: 原始长度=117, 处理后长度=102, 模式=normalize
2026-03-05 14:39:12,168 - SQLPreprocessor - INFO - SQL预处理: 原始长度=36, 处理后长度=19, 模式=normalize
2026-03-05 14:39:12,168 - SQLPreprocessor - INFO - SQL预处理: 原始长度=36, 处理后长度=19, 模式=normalize
2026-03-05 14:39:12,169 - XmlTagRemover - WARNING - 初始化大模型客户端失败，将使用正则表达式回退: 'MockConfigManager' object has no attribute 'get_ai_model_config'
2026-03-05 14:39:12,174 - SQLPreprocessor - INFO - SQL预处理器初始化完成，使用正则表达式处理XML标签
2026-03-05 15:24:00,692 - SQLPreprocessor - INFO - SQL预处理器初始化完成，使用正则表达式处理XML标签
2026-03-05 15:26:45,921 - SQLPreprocessor - INFO - SQL预处理器初始化完成，使用正则表达式处理XML标签
2026-03-05 15:26:45,926 - XmlTagRemover - WARNING - 未提供配置管理器，将使用正则表达式方法
2026-03-06 13:47:34,266 - ParamExtractor - INFO - 从SQL中提取到 2 个参数: ['id', 'name']
2026-03-06 13:47:34,267 - ParamExtractor - INFO - 从SQL中提取到 2 个参数: ['id', 'name']
2026-03-06 13:47:34,267 - ParamExtractor - INFO - 生成替换参数后的SQL，替换了 2 个参数
2026-03-06 16:43:50,091 - ParamExtractor - INFO - 生成替换参数后的SQL，替换了 3 个参数
2026-03-06 16:43:50,093 - ParamExtractor - INFO - 生成替换参数后的SQL，替换了 3 个参数
2026-03-06 16:43:50,093 - ParamExtractor - INFO - 生成替换参数后的SQL，替换了 3 个参数
2026-03-06 16:43:50,094 - ParamExtractor - INFO - 生成替换参数后的SQL，替换了 2 个参数
2026-03-06 16:43:50,095 - ParamExtractor - INFO - 生成替换参数后的SQL，替换了 3 个参数
2026-03-06 16:43:50,095 - ParamExtractor - INFO - 生成替换参数后的SQL，替换了 3 个参数
2026-03-06 16:43:50,096 - ParamExtractor - INFO - 生成替换参数后的SQL，替换了 3 个参数
2026-03-06 16:43:50,096 - ParamExtractor - INFO - 生成替换参数后的SQL，替换了 3 个参数
2026-03-06 16:47:09,153 - ParamExtractor - INFO - 生成替换参数后的SQL，替换了 2 个参数
2026-03-06 16:47:09,162 - ParamExtractor - WARNING - 初始化数据值获取器失败: No module named 'utils'，将使用默认值替换
2026-03-06 16:47:09,163 - ParamExtractor - INFO - 生成替换参数后的SQL，替换了 2 个参数
2026-03-06 16:48:26,276 - ParamExtractor - ERROR - 生成替换参数后的SQL时发生错误: 不允许使用预设值，必须使用实际的表字段值进行参数替换
Traceback (most recent call last):
  File "E:\Code\sqlAnalize\sql_ai_analyzer\data_collector\param_extractor.py", line 457, in generate_replaced_sql
    replaced_value = self._get_preset_value(param_type)
  File "E:\Code\sqlAnalize\sql_ai_analyzer\data_collector\param_extractor.py", line 405, in _get_preset_value
    raise ValueError("不允许使用预设值，必须使用实际的表字段值进行参数替换")
ValueError: 不允许使用预设值，必须使用实际的表字段值进行参数替换
2026-03-06 16:48:26,280 - ParamExtractor - WARNING - 初始化数据值获取器失败: No module named 'utils'，将使用默认值替换
2026-03-06 16:48:26,280 - ParamExtractor - ERROR - 生成替换参数后的SQL时发生错误: 不允许使用预设值，必须使用实际的表字段值进行参数替换
Traceback (most recent call last):
  File "E:\Code\sqlAnalize\sql_ai_analyzer\data_collector\param_extractor.py", line 457, in generate_replaced_sql
    replaced_value = self._get_preset_value(param_type)
  File "E:\Code\sqlAnalize\sql_ai_analyzer\data_collector\param_extractor.py", line 405, in _get_preset_value
    raise ValueError("不允许使用预设值，必须使用实际的表字段值进行参数替换")
ValueError: 不允许使用预设值，必须使用实际的表字段值进行参数替换
2026-03-06 16:52:02,765 - ParamExtractor - ERROR - 生成替换参数后的SQL时发生错误: 必须提供config_manager才能进行参数替换，因为需要使用实际的表字段值
2026-03-06 16:52:02,767 - ParamExtractor - WARNING - 初始化数据值获取器失败: No module named 'utils'，将使用默认值替换
2026-03-06 16:52:02,796 - ParamExtractor - WARNING - 初始化数据值获取器失败: No module named 'utils'，将使用默认值替换
2026-03-06 16:52:02,797 - ParamExtractor - ERROR - 生成替换参数后的SQL时发生错误: 数据值获取器初始化失败，无法从数据库获取实际值
2026-03-06 16:56:48,963 - ParamExtractor - INFO - SQL中没有需要替换的参数
2026-03-06 16:56:48,963 - ParamExtractor - ERROR - 生成替换参数后的SQL时发生错误: 必须提供config_manager才能进行参数替换，因为需要使用实际的表字段值
2026-03-09 09:57:35,633 - ModelClient - INFO - 大模型API客户端初始化完成
2026-03-09 09:57:35,635 - ModelClient - INFO - 构建SQL规范集成版prompt完成：长度=3748, SQL类型=select, 预览前500字符=
SQL语句：
SELECT * FROM users WHERE id = #{id}

动态SQL（参数替换后）：
SELECT * FROM users WHERE id = 123

数据库：test_db

涉及的表信息：

表1：users
  - 行数：1000
  - 是否大表：否
  - 列数：3
  - 索引数：1
  - 表存在性：是
  - DDL：
    CREATE TABLE users (id INT PRIMARY KEY, name VARCHAR(100), email VARCHAR(255))
  - 列信息：
    * id (int) 非空
    * name (varchar(100)) 可空
    * email (varchar(255)) 可空
  - 索引信息：
    * idx_users_id: id (BTREE, 唯一)

动态SQL示例（用于判断SQL注入漏洞）：
请分析以下动态SQL示例是否存在SQL注入风险：
- 动态查询示例：SELECT * FROM users WHERE name = '${user_
2026-03-09 09:58:47,514 - ModelClient - INFO - 大模型API客户端初始化完成
2026-03-09 09:58:47,515 - ModelClient - INFO - 构建SQL规范集成版prompt完成：长度=3748, SQL类型=select, 预览前500字符=
SQL语句：
SELECT * FROM users WHERE id = #{id}

动态SQL（参数替换后）：
SELECT * FROM users WHERE id = 123

数据库：test_db

涉及的表信息：

表1：users
  - 行数：1000
  - 是否大表：否
  - 列数：3
  - 索引数：1
  - 表存在性：是
  - DDL：
    CREATE TABLE users (id INT PRIMARY KEY, name VARCHAR(100), email VARCHAR(255))
  - 列信息：
    * id (int) 非空
    * name (varchar(100)) 可空
    * email (varchar(255)) 可空
  - 索引信息：
    * idx_users_id: id (BTREE, 唯一)

动态SQL示例（用于判断SQL注入漏洞）：
请分析以下动态SQL示例是否存在SQL注入风险：
- 动态查询示例：SELECT * FROM users WHERE name = '${user_
2026-03-09 10:03:38,913 - ModelClient - INFO - 大模型API客户端初始化完成
2026-03-09 10:03:38,914 - ModelClient - INFO - 构建SQL规范集成版prompt完成：长度=3748, SQL类型=select, 预览前500字符=
SQL语句：
SELECT * FROM users WHERE id = #{id}

动态SQL（参数替换后）：
SELECT * FROM users WHERE id = 123

数据库：test_db

涉及的表信息：

表1：users
  - 行数：1000
  - 是否大表：否
  - 列数：3
  - 索引数：1
  - 表存在性：是
  - DDL：
    CREATE TABLE users (id INT PRIMARY KEY, name VARCHAR(100), email VARCHAR(255))
  - 列信息：
    * id (int) 非空
    * name (varchar(100)) 可空
    * email (varchar(255)) 可空
  - 索引信息：
    * idx_users_id: id (BTREE, 唯一)

动态SQL示例（用于判断SQL注入漏洞）：
请分析以下动态SQL示例是否存在SQL注入风险：
- 动态查询示例：SELECT * FROM users WHERE name = '${user_
2026-03-11 09:59:29,899 - ParamExtractor - ERROR - 生成替换参数后的SQL时发生错误: 必须提供config_manager才能进行参数替换，因为需要使用实际的表字段值
2026-03-11 09:59:29,903 - ParamExtractor - ERROR - 生成替换参数后的SQL时发生错误: 必须提供config_manager才能进行参数替换，因为需要使用实际的表字段值
2026-03-11 09:59:29,904 - ParamExtractor - ERROR - 生成替换参数后的SQL时发生错误: 必须提供config_manager才能进行参数替换，因为需要使用实际的表字段值
2026-03-11 09:59:29,905 - ParamExtractor - ERROR - 生成替换参数后的SQL时发生错误: 必须提供config_manager才能进行参数替换，因为需要使用实际的表字段值
2026-03-11 09:59:29,907 - ParamExtractor - ERROR - 生成替换参数后的SQL时发生错误: 必须提供config_manager才能进行参数替换，因为需要使用实际的表字段值
2026-03-11 09:59:29,909 - ParamExtractor - ERROR - 生成替换参数后的SQL时发生错误: 必须提供config_manager才能进行参数替换，因为需要使用实际的表字段值
2026-03-11 09:59:29,910 - ParamExtractor - ERROR - 生成替换参数后的SQL时发生错误: 必须提供config_manager才能进行参数替换，因为需要使用实际的表字段值
2026-03-11 09:59:29,911 - ParamExtractor - ERROR - 生成替换参数后的SQL时发生错误: 必须提供config_manager才能进行参数替换，因为需要使用实际的表字段值
2026-03-11 10:03:15,656 - ParamExtractor - ERROR - 生成替换参数后的SQL时发生错误: 无法从数据库获取参数 'id' 的实际值，请确保数据库中有对应的表字段数据
2026-03-11 10:03:15,658 - ParamExtractor - ERROR - 生成替换参数后的SQL时发生错误: 无法从数据库获取参数 'order_id' 的实际值，请确保数据库中有对应的表字段数据
2026-03-11 10:03:15,659 - ParamExtractor - ERROR - 生成替换参数后的SQL时发生错误: 无法从数据库获取参数 'price' 的实际值，请确保数据库中有对应的表字段数据
2026-03-11 10:03:15,660 - ParamExtractor - ERROR - 生成替换参数后的SQL时发生错误: 无法从数据库获取参数 'user_id' 的实际值，请确保数据库中有对应的表字段数据
2026-03-11 10:03:15,661 - ParamExtractor - ERROR - 生成替换参数后的SQL时发生错误: 无法从数据库获取参数 'id' 的实际值，请确保数据库中有对应的表字段数据
2026-03-11 10:03:15,662 - ParamExtractor - ERROR - 生成替换参数后的SQL时发生错误: 无法从数据库获取参数 'id' 的实际值，请确保数据库中有对应的表字段数据
2026-03-11 10:03:15,664 - ParamExtractor - ERROR - 生成替换参数后的SQL时发生错误: 无法从数据库获取参数 'order_id' 的实际值，请确保数据库中有对应的表字段数据
2026-03-11 10:03:15,665 - ParamExtractor - ERROR - 生成替换参数后的SQL时发生错误: 无法从数据库获取参数 'log_id' 的实际值，请确保数据库中有对应的表字段数据
2026-03-11 10:05:28,220 - ParamExtractor - INFO - 生成替换参数后的SQL，成功替换了 3 个参数
2026-03-11 10:05:28,221 - ParamExtractor - INFO - 生成替换参数后的SQL，成功替换了 3 个参数
2026-03-11 10:05:28,221 - ParamExtractor - INFO - 生成替换参数后的SQL，成功替换了 3 个参数
2026-03-11 10:05:28,222 - ParamExtractor - INFO - 生成替换参数后的SQL，成功替换了 2 个参数
2026-03-11 10:05:28,222 - ParamExtractor - INFO - 生成替换参数后的SQL，成功替换了 3 个参数
2026-03-11 10:05:28,222 - ParamExtractor - INFO - 生成替换参数后的SQL，成功替换了 3 个参数
2026-03-11 10:05:28,223 - ParamExtractor - INFO - 生成替换参数后的SQL，成功替换了 3 个参数
2026-03-11 10:05:28,223 - ParamExtractor - INFO - 生成替换参数后的SQL，成功替换了 3 个参数
2026-03-11 11:17:32,658 - ParamExtractor - INFO - 生成替换参数后的SQL，成功替换了 14 个参数
2026-03-11 11:18:08,734 - ParamExtractor - WARNING - 初始化数据值获取器失败: No module named 'utils'，将使用默认值替换
2026-03-11 11:22:32,378 - ParamExtractor - INFO - 生成替换参数后的SQL，成功替换了 2 个参数
2026-03-11 11:22:32,379 - ParamExtractor - INFO - 生成替换参数后的SQL，成功替换了 3 个参数
2026-03-11 11:22:32,380 - ParamExtractor - INFO - 生成替换参数后的SQL，成功替换了 2 个参数
2026-03-11 11:31:45,112 - ParamExtractor - INFO - 生成替换参数后的SQL，成功替换了 14 个参数
2026-03-11 14:41:38,629 - ParamExtractor - INFO - 生成替换参数后的SQL，成功替换了 14 个参数
2026-03-12 09:58:38,980 - ParamExtractor - INFO - 生成替换参数后的SQL，成功替换了 3 个参数，使用数据库别名: test_db
2026-03-12 09:58:38,981 - ParamExtractor - INFO - 生成替换参数后的SQL，成功替换了 3 个参数，使用数据库别名: test_db
2026-03-12 09:58:38,981 - ParamExtractor - INFO - 生成替换参数后的SQL，成功替换了 3 个参数，使用数据库别名: test_db
2026-03-12 09:58:38,982 - ParamExtractor - INFO - 生成替换参数后的SQL，成功替换了 2 个参数，使用数据库别名: test_db
2026-03-12 09:58:38,983 - ParamExtractor - INFO - 生成替换参数后的SQL，成功替换了 3 个参数，使用数据库别名: test_db
2026-03-12 09:58:38,986 - ParamExtractor - INFO - 生成替换参数后的SQL，成功替换了 3 个参数，使用数据库别名: test_db
2026-03-12 09:58:38,986 - ParamExtractor - INFO - 生成替换参数后的SQL，成功替换了 3 个参数，使用数据库别名: test_db
2026-03-12 09:58:38,989 - ParamExtractor - INFO - 生成替换参数后的SQL，成功替换了 3 个参数，使用数据库别名: test_db
2026-03-12 10:00:49,062 - ParamExtractor - INFO - 生成替换参数后的SQL，成功替换了 2 个参数，使用数据库别名: db1
2026-03-12 10:00:49,063 - ParamExtractor - INFO - 生成替换参数后的SQL，成功替换了 2 个参数，使用数据库别名: specific_db
2026-03-13 14:58:44,418 - TestResultProcessor - INFO - 从分析结果中提取修改建议：高风险SQL长度=0, 中风险SQL长度=0, 低风险SQL长度=0, 性能优化SQL长度=0
2026-03-13 15:06:29,035 - TestResultProcessor - INFO - 从分析结果中提取修改建议：高风险SQL长度=0, 中风险SQL长度=0, 低风险SQL长度=0, 性能优化SQL长度=0
2026-03-13 15:13:34,799 - TestResultProcessor - INFO - 从分析结果中提取修改建议：高风险SQL长度=0, 中风险SQL长度=0, 低风险SQL长度=0, 性能优化SQL长度=0
2026-03-17 11:13:41,517 - ModelClient - INFO - 大模型API客户端初始化完成
2026-03-17 11:13:41,519 - ModelClient - INFO - 构建SQL规范集成版prompt完成：长度=7094, SQL类型=select, 预览前500字符=
SQL语句：
SELECT * FROM users WHERE id = #{id}

数据库：test_db

涉及的表信息：

表1：users
  - 行数：1000
  - 是否大表：否
  - 列数：1
  - 索引数：1
  - 表存在性：是
  - 列信息：
    * id (int) 非空
  - 索引信息：
    * idx_id: id (BTREE, 唯一)

动态SQL示例（用于判断SQL注入漏洞）：
请分析以下动态SQL示例是否存在SQL注入风险：
- 动态查询示例：SELECT * FROM users WHERE name = '${user_input}'
- 参数化查询示例：SELECT * FROM users WHERE name = ?
- 存储过程调用示例：EXEC sp_getData '${user_input}'
- ORDER BY注入示例：SELECT * FROM users ORDER BY ${column_name}
- UNION注入示例：SELECT * FROM users WHERE id = ${id} UNI
